{"D:\\PROGRAMACAO\\Pets_API\\knexfile.ts": {"path":"D:\\PROGRAMACAO\\Pets_API\\knexfile.ts","statementMap":{"0":{"start":{"line":2,"column":0},"end":{"line":2,"column":28}},"1":{"start":{"line":3,"column":0},"end":{"line":3,"column":24}},"2":{"start":{"line":4,"column":0},"end":{"line":4,"column":20}},"3":{"start":{"line":6,"column":16},"end":{"line":6,"column":70}},"4":{"start":{"line":7,"column":16},"end":{"line":7,"column":48}},"5":{"start":{"line":8,"column":0},"end":{"line":12,"column":1}},"6":{"start":{"line":9,"column":2},"end":{"line":9,"column":35}},"7":{"start":{"line":11,"column":2},"end":{"line":11,"column":18}},"8":{"start":{"line":14,"column":47},"end":{"line":94,"column":2}},"9":{"start":{"line":96,"column":0},"end":{"line":96,"column":22}}},"fnMap":{},"branchMap":{"0":{"loc":{"start":{"line":6,"column":16},"end":{"line":6,"column":70}},"type":"cond-expr","locations":[{"start":{"line":6,"column":50},"end":{"line":6,"column":61}},{"start":{"line":6,"column":64},"end":{"line":6,"column":70}}]},"1":{"loc":{"start":{"line":8,"column":0},"end":{"line":12,"column":1}},"type":"if","locations":[{"start":{"line":8,"column":0},"end":{"line":12,"column":1}},{"start":{"line":10,"column":7},"end":{"line":12,"column":1}}]},"2":{"loc":{"start":{"line":18,"column":12},"end":{"line":18,"column":46}},"type":"binary-expr","locations":[{"start":{"line":18,"column":12},"end":{"line":18,"column":31}},{"start":{"line":18,"column":35},"end":{"line":18,"column":46}}]},"3":{"loc":{"start":{"line":19,"column":12},"end":{"line":19,"column":47}},"type":"binary-expr","locations":[{"start":{"line":19,"column":12},"end":{"line":19,"column":39}},{"start":{"line":19,"column":43},"end":{"line":19,"column":47}}]},"4":{"loc":{"start":{"line":20,"column":12},"end":{"line":20,"column":45}},"type":"binary-expr","locations":[{"start":{"line":20,"column":12},"end":{"line":20,"column":31}},{"start":{"line":20,"column":35},"end":{"line":20,"column":45}}]},"5":{"loc":{"start":{"line":21,"column":16},"end":{"line":21,"column":49}},"type":"binary-expr","locations":[{"start":{"line":21,"column":16},"end":{"line":21,"column":39}},{"start":{"line":21,"column":43},"end":{"line":21,"column":49}}]},"6":{"loc":{"start":{"line":22,"column":16},"end":{"line":22,"column":49}},"type":"binary-expr","locations":[{"start":{"line":22,"column":16},"end":{"line":22,"column":35}},{"start":{"line":22,"column":39},"end":{"line":22,"column":49}}]},"7":{"loc":{"start":{"line":41,"column":14},"end":{"line":41,"column":76}},"type":"binary-expr","locations":[{"start":{"line":41,"column":14},"end":{"line":41,"column":38}},{"start":{"line":41,"column":42},"end":{"line":41,"column":61}},{"start":{"line":41,"column":65},"end":{"line":41,"column":76}}]},"8":{"loc":{"start":{"line":42,"column":14},"end":{"line":42,"column":77}},"type":"binary-expr","locations":[{"start":{"line":42,"column":14},"end":{"line":42,"column":69}},{"start":{"line":42,"column":73},"end":{"line":42,"column":77}}]},"9":{"loc":{"start":{"line":42,"column":21},"end":{"line":42,"column":68}},"type":"binary-expr","locations":[{"start":{"line":42,"column":21},"end":{"line":42,"column":45}},{"start":{"line":42,"column":49},"end":{"line":42,"column":68}}]},"10":{"loc":{"start":{"line":43,"column":14},"end":{"line":43,"column":75}},"type":"binary-expr","locations":[{"start":{"line":43,"column":14},"end":{"line":43,"column":38}},{"start":{"line":43,"column":42},"end":{"line":43,"column":61}},{"start":{"line":43,"column":65},"end":{"line":43,"column":75}}]},"11":{"loc":{"start":{"line":44,"column":18},"end":{"line":44,"column":83}},"type":"binary-expr","locations":[{"start":{"line":44,"column":18},"end":{"line":44,"column":46}},{"start":{"line":44,"column":50},"end":{"line":44,"column":73}},{"start":{"line":44,"column":77},"end":{"line":44,"column":83}}]},"12":{"loc":{"start":{"line":45,"column":18},"end":{"line":45,"column":61}},"type":"binary-expr","locations":[{"start":{"line":45,"column":18},"end":{"line":45,"column":42}},{"start":{"line":45,"column":46},"end":{"line":45,"column":61}}]},"13":{"loc":{"start":{"line":62,"column":12},"end":{"line":62,"column":46}},"type":"binary-expr","locations":[{"start":{"line":62,"column":12},"end":{"line":62,"column":31}},{"start":{"line":62,"column":35},"end":{"line":62,"column":46}}]},"14":{"loc":{"start":{"line":63,"column":12},"end":{"line":63,"column":47}},"type":"binary-expr","locations":[{"start":{"line":63,"column":12},"end":{"line":63,"column":39}},{"start":{"line":63,"column":43},"end":{"line":63,"column":47}}]},"15":{"loc":{"start":{"line":64,"column":12},"end":{"line":64,"column":45}},"type":"binary-expr","locations":[{"start":{"line":64,"column":12},"end":{"line":64,"column":31}},{"start":{"line":64,"column":35},"end":{"line":64,"column":45}}]},"16":{"loc":{"start":{"line":65,"column":16},"end":{"line":65,"column":49}},"type":"binary-expr","locations":[{"start":{"line":65,"column":16},"end":{"line":65,"column":39}},{"start":{"line":65,"column":43},"end":{"line":65,"column":49}}]},"17":{"loc":{"start":{"line":66,"column":16},"end":{"line":66,"column":49}},"type":"binary-expr","locations":[{"start":{"line":66,"column":16},"end":{"line":66,"column":35}},{"start":{"line":66,"column":39},"end":{"line":66,"column":49}}]},"18":{"loc":{"start":{"line":80,"column":12},"end":{"line":80,"column":46}},"type":"binary-expr","locations":[{"start":{"line":80,"column":12},"end":{"line":80,"column":31}},{"start":{"line":80,"column":35},"end":{"line":80,"column":46}}]},"19":{"loc":{"start":{"line":81,"column":12},"end":{"line":81,"column":47}},"type":"binary-expr","locations":[{"start":{"line":81,"column":12},"end":{"line":81,"column":39}},{"start":{"line":81,"column":43},"end":{"line":81,"column":47}}]},"20":{"loc":{"start":{"line":82,"column":12},"end":{"line":82,"column":45}},"type":"binary-expr","locations":[{"start":{"line":82,"column":12},"end":{"line":82,"column":31}},{"start":{"line":82,"column":35},"end":{"line":82,"column":45}}]},"21":{"loc":{"start":{"line":83,"column":16},"end":{"line":83,"column":49}},"type":"binary-expr","locations":[{"start":{"line":83,"column":16},"end":{"line":83,"column":39}},{"start":{"line":83,"column":43},"end":{"line":83,"column":49}}]},"22":{"loc":{"start":{"line":84,"column":16},"end":{"line":84,"column":49}},"type":"binary-expr","locations":[{"start":{"line":84,"column":16},"end":{"line":84,"column":35}},{"start":{"line":84,"column":39},"end":{"line":84,"column":49}}]}},"s":{"0":13,"1":13,"2":13,"3":13,"4":13,"5":13,"6":13,"7":0,"8":13,"9":13},"f":{},"b":{"0":[13,0],"1":[13,0],"2":[13,13],"3":[13,13],"4":[13,13],"5":[13,13],"6":[13,13],"7":[13,0,0],"8":[13,0],"9":[13,0],"10":[13,0,0],"11":[13,0,0],"12":[13,0],"13":[13,13],"14":[13,13],"15":[13,13],"16":[13,13],"17":[13,13],"18":[13,13],"19":[13,13],"20":[13,13],"21":[13,13],"22":[13,13]}}
,"D:\\PROGRAMACAO\\Pets_API\\src\\app.ts": {"path":"D:\\PROGRAMACAO\\Pets_API\\src\\app.ts","statementMap":{"0":{"start":{"line":4,"column":0},"end":{"line":4,"column":30}},"1":{"start":{"line":5,"column":0},"end":{"line":5,"column":24}},"2":{"start":{"line":6,"column":0},"end":{"line":6,"column":22}},"3":{"start":{"line":7,"column":0},"end":{"line":7,"column":51}},"4":{"start":{"line":8,"column":0},"end":{"line":8,"column":43}},"5":{"start":{"line":9,"column":0},"end":{"line":9,"column":49}},"6":{"start":{"line":10,"column":0},"end":{"line":10,"column":51}},"7":{"start":{"line":11,"column":0},"end":{"line":11,"column":49}},"8":{"start":{"line":12,"column":0},"end":{"line":12,"column":59}},"9":{"start":{"line":13,"column":0},"end":{"line":13,"column":53}},"10":{"start":{"line":14,"column":0},"end":{"line":14,"column":47}},"11":{"start":{"line":16,"column":13},"end":{"line":16,"column":29}},"12":{"start":{"line":18,"column":0},"end":{"line":18,"column":24}},"13":{"start":{"line":20,"column":0},"end":{"line":20,"column":16}},"14":{"start":{"line":22,"column":0},"end":{"line":30,"column":3}},"15":{"start":{"line":23,"column":2},"end":{"line":29,"column":3}},"16":{"start":{"line":24,"column":4},"end":{"line":24,"column":41}},"17":{"start":{"line":25,"column":4},"end":{"line":25,"column":56}},"18":{"start":{"line":27,"column":4},"end":{"line":27,"column":25}},"19":{"start":{"line":28,"column":4},"end":{"line":28,"column":66}},"20":{"start":{"line":33,"column":0},"end":{"line":33,"column":36}},"21":{"start":{"line":34,"column":0},"end":{"line":34,"column":28}},"22":{"start":{"line":35,"column":0},"end":{"line":35,"column":34}},"23":{"start":{"line":36,"column":0},"end":{"line":36,"column":36}},"24":{"start":{"line":37,"column":0},"end":{"line":37,"column":34}},"25":{"start":{"line":38,"column":0},"end":{"line":38,"column":44}},"26":{"start":{"line":39,"column":0},"end":{"line":39,"column":38}},"27":{"start":{"line":40,"column":0},"end":{"line":40,"column":33}}},"fnMap":{"0":{"name":"(anonymous_1)","decl":{"start":{"line":22,"column":27},"end":{"line":22,"column":32}},"loc":{"start":{"line":22,"column":46},"end":{"line":30,"column":1}}}},"branchMap":{},"s":{"0":7,"1":7,"2":7,"3":7,"4":7,"5":7,"6":7,"7":7,"8":7,"9":7,"10":7,"11":7,"12":7,"13":7,"14":7,"15":0,"16":0,"17":0,"18":0,"19":0,"20":7,"21":7,"22":7,"23":7,"24":7,"25":7,"26":7,"27":7},"f":{"0":0},"b":{}}
,"D:\\PROGRAMACAO\\Pets_API\\src\\db.ts": {"path":"D:\\PROGRAMACAO\\Pets_API\\src\\db.ts","statementMap":{"0":{"start":{"line":1,"column":0},"end":{"line":1,"column":24}},"1":{"start":{"line":2,"column":0},"end":{"line":2,"column":33}},"2":{"start":{"line":4,"column":12},"end":{"line":4,"column":49}},"3":{"start":{"line":6,"column":11},"end":{"line":6,"column":37}},"4":{"start":{"line":8,"column":0},"end":{"line":8,"column":18}}},"fnMap":{},"branchMap":{"0":{"loc":{"start":{"line":4,"column":12},"end":{"line":4,"column":49}},"type":"binary-expr","locations":[{"start":{"line":4,"column":12},"end":{"line":4,"column":32}},{"start":{"line":4,"column":36},"end":{"line":4,"column":49}}]}},"s":{"0":13,"1":13,"2":13,"3":13,"4":13},"f":{},"b":{"0":[13,0]}}
,"D:\\PROGRAMACAO\\Pets_API\\src\\business\\adocaoBusiness.ts": {"path":"D:\\PROGRAMACAO\\Pets_API\\src\\business\\adocaoBusiness.ts","statementMap":{"0":{"start":{"line":4,"column":0},"end":{"line":4,"column":23}},"1":{"start":{"line":10,"column":16},"end":{"line":10,"column":69}},"2":{"start":{"line":12,"column":4},"end":{"line":14,"column":5}},"3":{"start":{"line":13,"column":6},"end":{"line":13,"column":44}},"4":{"start":{"line":16,"column":4},"end":{"line":21,"column":7}},"5":{"start":{"line":26,"column":4},"end":{"line":26,"column":72}},"6":{"start":{"line":35,"column":20},"end":{"line":35,"column":73}},"7":{"start":{"line":37,"column":4},"end":{"line":42,"column":5}},"8":{"start":{"line":38,"column":6},"end":{"line":41,"column":8}},"9":{"start":{"line":45,"column":22},"end":{"line":58,"column":null}},"10":{"start":{"line":61,"column":20},"end":{"line":70,"column":7}},"11":{"start":{"line":61,"column":64},"end":{"line":70,"column":6}},"12":{"start":{"line":72,"column":4},"end":{"line":75,"column":6}},"13":{"start":{"line":7,"column":0},"end":{"line":7,"column":13}}},"fnMap":{"0":{"name":"(anonymous_1)","decl":{"start":{"line":9,"column":2},"end":{"line":9,"column":7}},"loc":{"start":{"line":9,"column":34},"end":{"line":22,"column":3}}},"1":{"name":"(anonymous_2)","decl":{"start":{"line":25,"column":2},"end":{"line":25,"column":7}},"loc":{"start":{"line":25,"column":50},"end":{"line":27,"column":3}}},"2":{"name":"(anonymous_3)","decl":{"start":{"line":30,"column":2},"end":{"line":30,"column":7}},"loc":{"start":{"line":30,"column":49},"end":{"line":76,"column":3}}},"3":{"name":"(anonymous_4)","decl":{"start":{"line":61,"column":51},"end":{"line":61,"column":52}},"loc":{"start":{"line":61,"column":64},"end":{"line":70,"column":6}}}},"branchMap":{"0":{"loc":{"start":{"line":12,"column":4},"end":{"line":14,"column":5}},"type":"if","locations":[{"start":{"line":12,"column":4},"end":{"line":14,"column":5}},{"start":{},"end":{}}]},"1":{"loc":{"start":{"line":20,"column":14},"end":{"line":20,"column":41}},"type":"binary-expr","locations":[{"start":{"line":20,"column":14},"end":{"line":20,"column":27}},{"start":{"line":20,"column":31},"end":{"line":20,"column":41}}]},"2":{"loc":{"start":{"line":37,"column":4},"end":{"line":42,"column":5}},"type":"if","locations":[{"start":{"line":37,"column":4},"end":{"line":42,"column":5}},{"start":{},"end":{}}]},"3":{"loc":{"start":{"line":64,"column":15},"end":{"line":64,"column":38}},"type":"binary-expr","locations":[{"start":{"line":64,"column":15},"end":{"line":64,"column":30}},{"start":{"line":64,"column":34},"end":{"line":64,"column":38}}]},"4":{"loc":{"start":{"line":65,"column":18},"end":{"line":65,"column":44}},"type":"binary-expr","locations":[{"start":{"line":65,"column":18},"end":{"line":65,"column":36}},{"start":{"line":65,"column":40},"end":{"line":65,"column":44}}]},"5":{"loc":{"start":{"line":68,"column":21},"end":{"line":68,"column":50}},"type":"binary-expr","locations":[{"start":{"line":68,"column":21},"end":{"line":68,"column":42}},{"start":{"line":68,"column":46},"end":{"line":68,"column":50}}]},"6":{"loc":{"start":{"line":69,"column":23},"end":{"line":69,"column":54}},"type":"binary-expr","locations":[{"start":{"line":69,"column":23},"end":{"line":69,"column":46}},{"start":{"line":69,"column":50},"end":{"line":69,"column":54}}]}},"s":{"0":8,"1":4,"2":4,"3":3,"4":1,"5":3,"6":5,"7":5,"8":3,"9":2,"10":2,"11":1,"12":2,"13":8},"f":{"0":4,"1":3,"2":5,"3":1},"b":{"0":[3,1],"1":[1,1],"2":[3,2],"3":[1,0],"4":[1,0],"5":[1,0],"6":[1,0]}}
,"D:\\PROGRAMACAO\\Pets_API\\src\\business\\doacaoBusiness.ts": {"path":"D:\\PROGRAMACAO\\Pets_API\\src\\business\\doacaoBusiness.ts","statementMap":{"0":{"start":{"line":4,"column":0},"end":{"line":4,"column":23}},"1":{"start":{"line":10,"column":87},"end":{"line":10,"column":93}},"2":{"start":{"line":13,"column":20},"end":{"line":13,"column":74}},"3":{"start":{"line":15,"column":4},"end":{"line":17,"column":5}},"4":{"start":{"line":16,"column":6},"end":{"line":16,"column":48}},"5":{"start":{"line":20,"column":24},"end":{"line":20,"column":86}},"6":{"start":{"line":22,"column":4},"end":{"line":24,"column":5}},"7":{"start":{"line":23,"column":6},"end":{"line":23,"column":52}},"8":{"start":{"line":27,"column":23},"end":{"line":27,"column":85}},"9":{"start":{"line":29,"column":4},"end":{"line":31,"column":5}},"10":{"start":{"line":30,"column":6},"end":{"line":30,"column":55}},"11":{"start":{"line":34,"column":25},"end":{"line":42,"column":22}},"12":{"start":{"line":47,"column":6},"end":{"line":49,"column":28}},"13":{"start":{"line":52,"column":21},"end":{"line":52,"column":70}},"14":{"start":{"line":54,"column":4},"end":{"line":62,"column":6}},"15":{"start":{"line":71,"column":24},"end":{"line":71,"column":85}},"16":{"start":{"line":73,"column":4},"end":{"line":78,"column":5}},"17":{"start":{"line":74,"column":6},"end":{"line":77,"column":8}},"18":{"start":{"line":81,"column":22},"end":{"line":95,"column":null}},"19":{"start":{"line":99,"column":20},"end":{"line":109,"column":7}},"20":{"start":{"line":99,"column":64},"end":{"line":109,"column":6}},"21":{"start":{"line":111,"column":4},"end":{"line":114,"column":6}},"22":{"start":{"line":7,"column":0},"end":{"line":7,"column":13}}},"fnMap":{"0":{"name":"(anonymous_1)","decl":{"start":{"line":9,"column":2},"end":{"line":9,"column":7}},"loc":{"start":{"line":9,"column":38},"end":{"line":63,"column":3}}},"1":{"name":"(anonymous_2)","decl":{"start":{"line":66,"column":2},"end":{"line":66,"column":7}},"loc":{"start":{"line":66,"column":57},"end":{"line":115,"column":3}}},"2":{"name":"(anonymous_3)","decl":{"start":{"line":99,"column":51},"end":{"line":99,"column":52}},"loc":{"start":{"line":99,"column":64},"end":{"line":109,"column":6}}}},"branchMap":{"0":{"loc":{"start":{"line":15,"column":4},"end":{"line":17,"column":5}},"type":"if","locations":[{"start":{"line":15,"column":4},"end":{"line":17,"column":5}},{"start":{},"end":{}}]},"1":{"loc":{"start":{"line":22,"column":4},"end":{"line":24,"column":5}},"type":"if","locations":[{"start":{"line":22,"column":4},"end":{"line":24,"column":5}},{"start":{},"end":{}}]},"2":{"loc":{"start":{"line":29,"column":4},"end":{"line":31,"column":5}},"type":"if","locations":[{"start":{"line":29,"column":4},"end":{"line":31,"column":5}},{"start":{},"end":{}}]},"3":{"loc":{"start":{"line":40,"column":24},"end":{"line":40,"column":52}},"type":"binary-expr","locations":[{"start":{"line":40,"column":24},"end":{"line":40,"column":38}},{"start":{"line":40,"column":42},"end":{"line":40,"column":52}}]},"4":{"loc":{"start":{"line":47,"column":6},"end":{"line":49,"column":28}},"type":"cond-expr","locations":[{"start":{"line":48,"column":10},"end":{"line":48,"column":51}},{"start":{"line":49,"column":10},"end":{"line":49,"column":28}}]},"5":{"loc":{"start":{"line":47,"column":6},"end":{"line":47,"column":72}},"type":"binary-expr","locations":[{"start":{"line":47,"column":6},"end":{"line":47,"column":16}},{"start":{"line":47,"column":20},"end":{"line":47,"column":50}},{"start":{"line":47,"column":54},"end":{"line":47,"column":72}}]},"6":{"loc":{"start":{"line":73,"column":4},"end":{"line":78,"column":5}},"type":"if","locations":[{"start":{"line":73,"column":4},"end":{"line":78,"column":5}},{"start":{},"end":{}}]},"7":{"loc":{"start":{"line":102,"column":19},"end":{"line":102,"column":46}},"type":"binary-expr","locations":[{"start":{"line":102,"column":19},"end":{"line":102,"column":38}},{"start":{"line":102,"column":42},"end":{"line":102,"column":46}}]},"8":{"loc":{"start":{"line":105,"column":22},"end":{"line":105,"column":53}},"type":"binary-expr","locations":[{"start":{"line":105,"column":22},"end":{"line":105,"column":45}},{"start":{"line":105,"column":49},"end":{"line":105,"column":53}}]},"9":{"loc":{"start":{"line":108,"column":21},"end":{"line":108,"column":50}},"type":"binary-expr","locations":[{"start":{"line":108,"column":21},"end":{"line":108,"column":42}},{"start":{"line":108,"column":46},"end":{"line":108,"column":50}}]}},"s":{"0":8,"1":2,"2":2,"3":2,"4":1,"5":1,"6":1,"7":0,"8":1,"9":1,"10":0,"11":1,"12":1,"13":1,"14":1,"15":2,"16":2,"17":1,"18":1,"19":1,"20":1,"21":1,"22":8},"f":{"0":2,"1":2,"2":1},"b":{"0":[1,1],"1":[0,1],"2":[0,1],"3":[1,1],"4":[1,0],"5":[1,1,1],"6":[1,1],"7":[1,0],"8":[1,0],"9":[1,0]}}
,"D:\\PROGRAMACAO\\Pets_API\\src\\business\\enderecoBusiness.ts": {"path":"D:\\PROGRAMACAO\\Pets_API\\src\\business\\enderecoBusiness.ts","statementMap":{"0":{"start":{"line":3,"column":0},"end":{"line":3,"column":23}},"1":{"start":{"line":8,"column":22},"end":{"line":8,"column":55}},"2":{"start":{"line":10,"column":4},"end":{"line":21,"column":8}},"3":{"start":{"line":10,"column":38},"end":{"line":21,"column":6}},"4":{"start":{"line":25,"column":91},"end":{"line":25,"column":99}},"5":{"start":{"line":28,"column":28},"end":{"line":38,"column":22}},"6":{"start":{"line":40,"column":4},"end":{"line":40,"column":84}},"7":{"start":{"line":40,"column":24},"end":{"line":40,"column":84}},"8":{"start":{"line":43,"column":15},"end":{"line":43,"column":83}},"9":{"start":{"line":45,"column":27},"end":{"line":45,"column":70}},"10":{"start":{"line":47,"column":4},"end":{"line":47,"column":75}},"11":{"start":{"line":47,"column":25},"end":{"line":47,"column":75}},"12":{"start":{"line":49,"column":4},"end":{"line":60,"column":6}},"13":{"start":{"line":64,"column":21},"end":{"line":64,"column":64}},"14":{"start":{"line":66,"column":4},"end":{"line":66,"column":31}},"15":{"start":{"line":66,"column":19},"end":{"line":66,"column":31}},"16":{"start":{"line":68,"column":4},"end":{"line":79,"column":6}},"17":{"start":{"line":83,"column":28},"end":{"line":83,"column":30}},"18":{"start":{"line":84,"column":4},"end":{"line":84,"column":68}},"19":{"start":{"line":84,"column":30},"end":{"line":84,"column":68}},"20":{"start":{"line":85,"column":4},"end":{"line":85,"column":99}},"21":{"start":{"line":85,"column":47},"end":{"line":85,"column":99}},"22":{"start":{"line":86,"column":4},"end":{"line":86,"column":114}},"23":{"start":{"line":86,"column":52},"end":{"line":86,"column":114}},"24":{"start":{"line":87,"column":4},"end":{"line":87,"column":77}},"25":{"start":{"line":87,"column":33},"end":{"line":87,"column":77}},"26":{"start":{"line":88,"column":4},"end":{"line":88,"column":77}},"27":{"start":{"line":88,"column":33},"end":{"line":88,"column":77}},"28":{"start":{"line":89,"column":4},"end":{"line":89,"column":77}},"29":{"start":{"line":89,"column":33},"end":{"line":89,"column":77}},"30":{"start":{"line":90,"column":4},"end":{"line":90,"column":90}},"31":{"start":{"line":90,"column":44},"end":{"line":90,"column":90}},"32":{"start":{"line":91,"column":4},"end":{"line":91,"column":105}},"33":{"start":{"line":91,"column":49},"end":{"line":91,"column":105}},"34":{"start":{"line":92,"column":4},"end":{"line":92,"column":108}},"35":{"start":{"line":92,"column":50},"end":{"line":92,"column":108}},"36":{"start":{"line":94,"column":4},"end":{"line":94,"column":59}},"37":{"start":{"line":94,"column":46},"end":{"line":94,"column":59}},"38":{"start":{"line":96,"column":24},"end":{"line":96,"column":78}},"39":{"start":{"line":97,"column":4},"end":{"line":97,"column":27}},"40":{"start":{"line":101,"column":31},"end":{"line":101,"column":86}},"41":{"start":{"line":102,"column":35},"end":{"line":102,"column":94}},"42":{"start":{"line":104,"column":4},"end":{"line":106,"column":5}},"43":{"start":{"line":105,"column":6},"end":{"line":105,"column":73}},"44":{"start":{"line":108,"column":24},"end":{"line":108,"column":65}},"45":{"start":{"line":109,"column":4},"end":{"line":109,"column":27}},"46":{"start":{"line":6,"column":0},"end":{"line":6,"column":13}}},"fnMap":{"0":{"name":"(anonymous_1)","decl":{"start":{"line":7,"column":2},"end":{"line":7,"column":7}},"loc":{"start":{"line":7,"column":23},"end":{"line":22,"column":3}}},"1":{"name":"(anonymous_2)","decl":{"start":{"line":10,"column":25},"end":{"line":10,"column":33}},"loc":{"start":{"line":10,"column":38},"end":{"line":21,"column":6}}},"2":{"name":"(anonymous_3)","decl":{"start":{"line":24,"column":2},"end":{"line":24,"column":7}},"loc":{"start":{"line":24,"column":40},"end":{"line":61,"column":3}}},"3":{"name":"(anonymous_4)","decl":{"start":{"line":63,"column":2},"end":{"line":63,"column":7}},"loc":{"start":{"line":63,"column":38},"end":{"line":80,"column":3}}},"4":{"name":"(anonymous_5)","decl":{"start":{"line":82,"column":2},"end":{"line":82,"column":7}},"loc":{"start":{"line":82,"column":59},"end":{"line":98,"column":3}}},"5":{"name":"(anonymous_6)","decl":{"start":{"line":100,"column":2},"end":{"line":100,"column":7}},"loc":{"start":{"line":100,"column":34},"end":{"line":110,"column":3}}}},"branchMap":{"0":{"loc":{"start":{"line":30,"column":14},"end":{"line":30,"column":28}},"type":"binary-expr","locations":[{"start":{"line":30,"column":14},"end":{"line":30,"column":20}},{"start":{"line":30,"column":24},"end":{"line":30,"column":28}}]},"1":{"loc":{"start":{"line":31,"column":19},"end":{"line":31,"column":38}},"type":"binary-expr","locations":[{"start":{"line":31,"column":19},"end":{"line":31,"column":30}},{"start":{"line":31,"column":34},"end":{"line":31,"column":38}}]},"2":{"loc":{"start":{"line":35,"column":11},"end":{"line":35,"column":22}},"type":"binary-expr","locations":[{"start":{"line":35,"column":11},"end":{"line":35,"column":14}},{"start":{"line":35,"column":18},"end":{"line":35,"column":22}}]},"3":{"loc":{"start":{"line":36,"column":16},"end":{"line":36,"column":32}},"type":"binary-expr","locations":[{"start":{"line":36,"column":16},"end":{"line":36,"column":24}},{"start":{"line":36,"column":28},"end":{"line":36,"column":32}}]},"4":{"loc":{"start":{"line":37,"column":17},"end":{"line":37,"column":34}},"type":"binary-expr","locations":[{"start":{"line":37,"column":17},"end":{"line":37,"column":26}},{"start":{"line":37,"column":30},"end":{"line":37,"column":34}}]},"5":{"loc":{"start":{"line":40,"column":4},"end":{"line":40,"column":84}},"type":"if","locations":[{"start":{"line":40,"column":4},"end":{"line":40,"column":84}},{"start":{},"end":{}}]},"6":{"loc":{"start":{"line":43,"column":15},"end":{"line":43,"column":83}},"type":"cond-expr","locations":[{"start":{"line":43,"column":51},"end":{"line":43,"column":67}},{"start":{"line":43,"column":70},"end":{"line":43,"column":83}}]},"7":{"loc":{"start":{"line":47,"column":4},"end":{"line":47,"column":75}},"type":"if","locations":[{"start":{"line":47,"column":4},"end":{"line":47,"column":75}},{"start":{},"end":{}}]},"8":{"loc":{"start":{"line":66,"column":4},"end":{"line":66,"column":31}},"type":"if","locations":[{"start":{"line":66,"column":4},"end":{"line":66,"column":31}},{"start":{},"end":{}}]},"9":{"loc":{"start":{"line":84,"column":4},"end":{"line":84,"column":68}},"type":"if","locations":[{"start":{"line":84,"column":4},"end":{"line":84,"column":68}},{"start":{},"end":{}}]},"10":{"loc":{"start":{"line":85,"column":4},"end":{"line":85,"column":99}},"type":"if","locations":[{"start":{"line":85,"column":4},"end":{"line":85,"column":99}},{"start":{},"end":{}}]},"11":{"loc":{"start":{"line":85,"column":67},"end":{"line":85,"column":98}},"type":"binary-expr","locations":[{"start":{"line":85,"column":67},"end":{"line":85,"column":90}},{"start":{"line":85,"column":94},"end":{"line":85,"column":98}}]},"12":{"loc":{"start":{"line":86,"column":4},"end":{"line":86,"column":114}},"type":"if","locations":[{"start":{"line":86,"column":4},"end":{"line":86,"column":114}},{"start":{},"end":{}}]},"13":{"loc":{"start":{"line":86,"column":77},"end":{"line":86,"column":113}},"type":"binary-expr","locations":[{"start":{"line":86,"column":77},"end":{"line":86,"column":105}},{"start":{"line":86,"column":109},"end":{"line":86,"column":113}}]},"14":{"loc":{"start":{"line":87,"column":4},"end":{"line":87,"column":77}},"type":"if","locations":[{"start":{"line":87,"column":4},"end":{"line":87,"column":77}},{"start":{},"end":{}}]},"15":{"loc":{"start":{"line":88,"column":4},"end":{"line":88,"column":77}},"type":"if","locations":[{"start":{"line":88,"column":4},"end":{"line":88,"column":77}},{"start":{},"end":{}}]},"16":{"loc":{"start":{"line":89,"column":4},"end":{"line":89,"column":77}},"type":"if","locations":[{"start":{"line":89,"column":4},"end":{"line":89,"column":77}},{"start":{},"end":{}}]},"17":{"loc":{"start":{"line":90,"column":4},"end":{"line":90,"column":90}},"type":"if","locations":[{"start":{"line":90,"column":4},"end":{"line":90,"column":90}},{"start":{},"end":{}}]},"18":{"loc":{"start":{"line":90,"column":61},"end":{"line":90,"column":89}},"type":"binary-expr","locations":[{"start":{"line":90,"column":61},"end":{"line":90,"column":81}},{"start":{"line":90,"column":85},"end":{"line":90,"column":89}}]},"19":{"loc":{"start":{"line":91,"column":4},"end":{"line":91,"column":105}},"type":"if","locations":[{"start":{"line":91,"column":4},"end":{"line":91,"column":105}},{"start":{},"end":{}}]},"20":{"loc":{"start":{"line":91,"column":71},"end":{"line":91,"column":104}},"type":"binary-expr","locations":[{"start":{"line":91,"column":71},"end":{"line":91,"column":96}},{"start":{"line":91,"column":100},"end":{"line":91,"column":104}}]},"21":{"loc":{"start":{"line":92,"column":4},"end":{"line":92,"column":108}},"type":"if","locations":[{"start":{"line":92,"column":4},"end":{"line":92,"column":108}},{"start":{},"end":{}}]},"22":{"loc":{"start":{"line":92,"column":73},"end":{"line":92,"column":107}},"type":"binary-expr","locations":[{"start":{"line":92,"column":73},"end":{"line":92,"column":99}},{"start":{"line":92,"column":103},"end":{"line":92,"column":107}}]},"23":{"loc":{"start":{"line":94,"column":4},"end":{"line":94,"column":59}},"type":"if","locations":[{"start":{"line":94,"column":4},"end":{"line":94,"column":59}},{"start":{},"end":{}}]},"24":{"loc":{"start":{"line":104,"column":4},"end":{"line":106,"column":5}},"type":"if","locations":[{"start":{"line":104,"column":4},"end":{"line":106,"column":5}},{"start":{},"end":{}}]},"25":{"loc":{"start":{"line":104,"column":8},"end":{"line":104,"column":52}},"type":"binary-expr","locations":[{"start":{"line":104,"column":8},"end":{"line":104,"column":26}},{"start":{"line":104,"column":30},"end":{"line":104,"column":52}}]}},"s":{"0":8,"1":1,"2":1,"3":1,"4":2,"5":2,"6":2,"7":0,"8":2,"9":2,"10":2,"11":0,"12":2,"13":2,"14":2,"15":1,"16":1,"17":1,"18":1,"19":1,"20":1,"21":0,"22":1,"23":0,"24":1,"25":0,"26":1,"27":0,"28":1,"29":0,"30":1,"31":0,"32":1,"33":0,"34":1,"35":0,"36":1,"37":0,"38":1,"39":1,"40":3,"41":3,"42":3,"43":2,"44":1,"45":1,"46":8},"f":{"0":1,"1":1,"2":2,"3":2,"4":1,"5":3},"b":{"0":[2,0],"1":[2,2],"2":[2,0],"3":[2,1],"4":[2,1],"5":[0,2],"6":[2,0],"7":[0,2],"8":[1,1],"9":[1,0],"10":[0,1],"11":[0,0],"12":[0,1],"13":[0,0],"14":[0,1],"15":[0,1],"16":[0,1],"17":[0,1],"18":[0,0],"19":[0,1],"20":[0,0],"21":[0,1],"22":[0,0],"23":[0,1],"24":[2,1],"25":[3,2]}}
,"D:\\PROGRAMACAO\\Pets_API\\src\\business\\instituicaoBusiness.ts": {"path":"D:\\PROGRAMACAO\\Pets_API\\src\\business\\instituicaoBusiness.ts","statementMap":{"0":{"start":{"line":4,"column":0},"end":{"line":4,"column":23}},"1":{"start":{"line":10,"column":25},"end":{"line":10,"column":61}},"2":{"start":{"line":12,"column":4},"end":{"line":22,"column":8}},"3":{"start":{"line":12,"column":44},"end":{"line":22,"column":6}},"4":{"start":{"line":27,"column":79},"end":{"line":27,"column":90}},"5":{"start":{"line":30,"column":33},"end":{"line":30,"column":82}},"6":{"start":{"line":32,"column":4},"end":{"line":34,"column":5}},"7":{"start":{"line":33,"column":6},"end":{"line":33,"column":45}},"8":{"start":{"line":37,"column":4},"end":{"line":43,"column":5}},"9":{"start":{"line":38,"column":28},"end":{"line":38,"column":76}},"10":{"start":{"line":40,"column":6},"end":{"line":42,"column":7}},"11":{"start":{"line":41,"column":8},"end":{"line":41,"column":46}},"12":{"start":{"line":45,"column":32},"end":{"line":55,"column":21}},"13":{"start":{"line":57,"column":4},"end":{"line":59,"column":5}},"14":{"start":{"line":58,"column":6},"end":{"line":58,"column":73}},"15":{"start":{"line":61,"column":4},"end":{"line":71,"column":6}},"16":{"start":{"line":76,"column":24},"end":{"line":76,"column":70}},"17":{"start":{"line":78,"column":4},"end":{"line":80,"column":5}},"18":{"start":{"line":79,"column":6},"end":{"line":79,"column":18}},"19":{"start":{"line":82,"column":4},"end":{"line":92,"column":6}},"20":{"start":{"line":108,"column":28},"end":{"line":108,"column":30}},"21":{"start":{"line":110,"column":4},"end":{"line":112,"column":5}},"22":{"start":{"line":111,"column":6},"end":{"line":111,"column":46}},"23":{"start":{"line":114,"column":4},"end":{"line":125,"column":5}},"24":{"start":{"line":115,"column":35},"end":{"line":118,"column":16}},"25":{"start":{"line":120,"column":6},"end":{"line":122,"column":7}},"26":{"start":{"line":121,"column":8},"end":{"line":121,"column":70}},"27":{"start":{"line":124,"column":6},"end":{"line":124,"column":48}},"28":{"start":{"line":127,"column":4},"end":{"line":139,"column":5}},"29":{"start":{"line":128,"column":6},"end":{"line":137,"column":7}},"30":{"start":{"line":129,"column":30},"end":{"line":132,"column":18}},"31":{"start":{"line":134,"column":8},"end":{"line":136,"column":9}},"32":{"start":{"line":135,"column":10},"end":{"line":135,"column":71}},"33":{"start":{"line":138,"column":6},"end":{"line":138,"column":54}},"34":{"start":{"line":141,"column":4},"end":{"line":143,"column":5}},"35":{"start":{"line":142,"column":6},"end":{"line":142,"column":62}},"36":{"start":{"line":145,"column":4},"end":{"line":147,"column":5}},"37":{"start":{"line":146,"column":6},"end":{"line":146,"column":64}},"38":{"start":{"line":149,"column":4},"end":{"line":151,"column":5}},"39":{"start":{"line":150,"column":6},"end":{"line":150,"column":64}},"40":{"start":{"line":153,"column":4},"end":{"line":155,"column":5}},"41":{"start":{"line":154,"column":6},"end":{"line":154,"column":68}},"42":{"start":{"line":157,"column":4},"end":{"line":159,"column":5}},"43":{"start":{"line":158,"column":6},"end":{"line":158,"column":19}},"44":{"start":{"line":161,"column":24},"end":{"line":163,"column":25}},"45":{"start":{"line":165,"column":4},"end":{"line":165,"column":27}},"46":{"start":{"line":170,"column":24},"end":{"line":170,"column":68}},"47":{"start":{"line":172,"column":4},"end":{"line":172,"column":27}},"48":{"start":{"line":7,"column":0},"end":{"line":7,"column":13}}},"fnMap":{"0":{"name":"(anonymous_1)","decl":{"start":{"line":9,"column":2},"end":{"line":9,"column":7}},"loc":{"start":{"line":9,"column":26},"end":{"line":23,"column":3}}},"1":{"name":"(anonymous_2)","decl":{"start":{"line":12,"column":28},"end":{"line":12,"column":39}},"loc":{"start":{"line":12,"column":44},"end":{"line":22,"column":6}}},"2":{"name":"(anonymous_3)","decl":{"start":{"line":26,"column":2},"end":{"line":26,"column":7}},"loc":{"start":{"line":26,"column":49},"end":{"line":72,"column":3}}},"3":{"name":"(anonymous_4)","decl":{"start":{"line":75,"column":2},"end":{"line":75,"column":7}},"loc":{"start":{"line":75,"column":41},"end":{"line":93,"column":3}}},"4":{"name":"(anonymous_5)","decl":{"start":{"line":96,"column":2},"end":{"line":96,"column":7}},"loc":{"start":{"line":106,"column":5},"end":{"line":166,"column":3}}},"5":{"name":"(anonymous_6)","decl":{"start":{"line":169,"column":2},"end":{"line":169,"column":7}},"loc":{"start":{"line":169,"column":37},"end":{"line":173,"column":3}}}},"branchMap":{"0":{"loc":{"start":{"line":32,"column":4},"end":{"line":34,"column":5}},"type":"if","locations":[{"start":{"line":32,"column":4},"end":{"line":34,"column":5}},{"start":{},"end":{}}]},"1":{"loc":{"start":{"line":37,"column":4},"end":{"line":43,"column":5}},"type":"if","locations":[{"start":{"line":37,"column":4},"end":{"line":43,"column":5}},{"start":{},"end":{}}]},"2":{"loc":{"start":{"line":40,"column":6},"end":{"line":42,"column":7}},"type":"if","locations":[{"start":{"line":40,"column":6},"end":{"line":42,"column":7}},{"start":{},"end":{}}]},"3":{"loc":{"start":{"line":49,"column":14},"end":{"line":49,"column":26}},"type":"binary-expr","locations":[{"start":{"line":49,"column":14},"end":{"line":49,"column":18}},{"start":{"line":49,"column":22},"end":{"line":49,"column":26}}]},"4":{"loc":{"start":{"line":50,"column":18},"end":{"line":50,"column":34}},"type":"binary-expr","locations":[{"start":{"line":50,"column":18},"end":{"line":50,"column":26}},{"start":{"line":50,"column":30},"end":{"line":50,"column":34}}]},"5":{"loc":{"start":{"line":51,"column":19},"end":{"line":51,"column":36}},"type":"binary-expr","locations":[{"start":{"line":51,"column":19},"end":{"line":51,"column":28}},{"start":{"line":51,"column":32},"end":{"line":51,"column":36}}]},"6":{"loc":{"start":{"line":52,"column":19},"end":{"line":52,"column":36}},"type":"binary-expr","locations":[{"start":{"line":52,"column":19},"end":{"line":52,"column":28}},{"start":{"line":52,"column":32},"end":{"line":52,"column":36}}]},"7":{"loc":{"start":{"line":53,"column":21},"end":{"line":53,"column":40}},"type":"binary-expr","locations":[{"start":{"line":53,"column":21},"end":{"line":53,"column":32}},{"start":{"line":53,"column":36},"end":{"line":53,"column":40}}]},"8":{"loc":{"start":{"line":57,"column":4},"end":{"line":59,"column":5}},"type":"if","locations":[{"start":{"line":57,"column":4},"end":{"line":59,"column":5}},{"start":{},"end":{}}]},"9":{"loc":{"start":{"line":78,"column":4},"end":{"line":80,"column":5}},"type":"if","locations":[{"start":{"line":78,"column":4},"end":{"line":80,"column":5}},{"start":{},"end":{}}]},"10":{"loc":{"start":{"line":110,"column":4},"end":{"line":112,"column":5}},"type":"if","locations":[{"start":{"line":110,"column":4},"end":{"line":112,"column":5}},{"start":{},"end":{}}]},"11":{"loc":{"start":{"line":114,"column":4},"end":{"line":125,"column":5}},"type":"if","locations":[{"start":{"line":114,"column":4},"end":{"line":125,"column":5}},{"start":{},"end":{}}]},"12":{"loc":{"start":{"line":120,"column":6},"end":{"line":122,"column":7}},"type":"if","locations":[{"start":{"line":120,"column":6},"end":{"line":122,"column":7}},{"start":{},"end":{}}]},"13":{"loc":{"start":{"line":127,"column":4},"end":{"line":139,"column":5}},"type":"if","locations":[{"start":{"line":127,"column":4},"end":{"line":139,"column":5}},{"start":{},"end":{}}]},"14":{"loc":{"start":{"line":128,"column":6},"end":{"line":137,"column":7}},"type":"if","locations":[{"start":{"line":128,"column":6},"end":{"line":137,"column":7}},{"start":{},"end":{}}]},"15":{"loc":{"start":{"line":134,"column":8},"end":{"line":136,"column":9}},"type":"if","locations":[{"start":{"line":134,"column":8},"end":{"line":136,"column":9}},{"start":{},"end":{}}]},"16":{"loc":{"start":{"line":138,"column":24},"end":{"line":138,"column":53}},"type":"binary-expr","locations":[{"start":{"line":138,"column":24},"end":{"line":138,"column":45}},{"start":{"line":138,"column":49},"end":{"line":138,"column":53}}]},"17":{"loc":{"start":{"line":141,"column":4},"end":{"line":143,"column":5}},"type":"if","locations":[{"start":{"line":141,"column":4},"end":{"line":143,"column":5}},{"start":{},"end":{}}]},"18":{"loc":{"start":{"line":142,"column":28},"end":{"line":142,"column":61}},"type":"binary-expr","locations":[{"start":{"line":142,"column":28},"end":{"line":142,"column":53}},{"start":{"line":142,"column":57},"end":{"line":142,"column":61}}]},"19":{"loc":{"start":{"line":145,"column":4},"end":{"line":147,"column":5}},"type":"if","locations":[{"start":{"line":145,"column":4},"end":{"line":147,"column":5}},{"start":{},"end":{}}]},"20":{"loc":{"start":{"line":146,"column":29},"end":{"line":146,"column":63}},"type":"binary-expr","locations":[{"start":{"line":146,"column":29},"end":{"line":146,"column":55}},{"start":{"line":146,"column":59},"end":{"line":146,"column":63}}]},"21":{"loc":{"start":{"line":149,"column":4},"end":{"line":151,"column":5}},"type":"if","locations":[{"start":{"line":149,"column":4},"end":{"line":151,"column":5}},{"start":{},"end":{}}]},"22":{"loc":{"start":{"line":150,"column":29},"end":{"line":150,"column":63}},"type":"binary-expr","locations":[{"start":{"line":150,"column":29},"end":{"line":150,"column":55}},{"start":{"line":150,"column":59},"end":{"line":150,"column":63}}]},"23":{"loc":{"start":{"line":153,"column":4},"end":{"line":155,"column":5}},"type":"if","locations":[{"start":{"line":153,"column":4},"end":{"line":155,"column":5}},{"start":{},"end":{}}]},"24":{"loc":{"start":{"line":154,"column":31},"end":{"line":154,"column":67}},"type":"binary-expr","locations":[{"start":{"line":154,"column":31},"end":{"line":154,"column":59}},{"start":{"line":154,"column":63},"end":{"line":154,"column":67}}]},"25":{"loc":{"start":{"line":157,"column":4},"end":{"line":159,"column":5}},"type":"if","locations":[{"start":{"line":157,"column":4},"end":{"line":159,"column":5}},{"start":{},"end":{}}]}},"s":{"0":8,"1":2,"2":2,"3":4,"4":6,"5":6,"6":6,"7":2,"8":4,"9":4,"10":4,"11":1,"12":3,"13":3,"14":0,"15":3,"16":4,"17":4,"18":2,"19":2,"20":6,"21":6,"22":2,"23":6,"24":2,"25":2,"26":1,"27":1,"28":5,"29":1,"30":1,"31":1,"32":1,"33":0,"34":4,"35":0,"36":4,"37":0,"38":4,"39":0,"40":4,"41":0,"42":4,"43":1,"44":3,"45":3,"46":3,"47":3,"48":8},"f":{"0":2,"1":4,"2":6,"3":4,"4":6,"5":3},"b":{"0":[2,4],"1":[4,0],"2":[1,3],"3":[3,0],"4":[3,2],"5":[3,3],"6":[3,3],"7":[3,3],"8":[0,3],"9":[2,2],"10":[2,4],"11":[2,4],"12":[1,1],"13":[1,4],"14":[1,0],"15":[1,0],"16":[0,0],"17":[0,4],"18":[0,0],"19":[0,4],"20":[0,0],"21":[0,4],"22":[0,0],"23":[0,4],"24":[0,0],"25":[1,3]}}
,"D:\\PROGRAMACAO\\Pets_API\\src\\business\\matchBusiness.ts": {"path":"D:\\PROGRAMACAO\\Pets_API\\src\\business\\matchBusiness.ts","statementMap":{"0":{"start":{"line":3,"column":0},"end":{"line":3,"column":23}},"1":{"start":{"line":8,"column":23},"end":{"line":10,"column":23}},"2":{"start":{"line":12,"column":26},"end":{"line":12,"column":62}},"3":{"start":{"line":12,"column":53},"end":{"line":12,"column":61}},"4":{"start":{"line":14,"column":28},"end":{"line":43,"column":null}},"5":{"start":{"line":20,"column":8},"end":{"line":24,"column":44}},"6":{"start":{"line":46,"column":4},"end":{"line":62,"column":8}},"7":{"start":{"line":46,"column":46},"end":{"line":62,"column":6}},"8":{"start":{"line":66,"column":16},"end":{"line":66,"column":92}},"9":{"start":{"line":67,"column":4},"end":{"line":69,"column":5}},"10":{"start":{"line":68,"column":6},"end":{"line":68,"column":16}},"11":{"start":{"line":71,"column":28},"end":{"line":83,"column":17}},"12":{"start":{"line":76,"column":8},"end":{"line":80,"column":38}},"13":{"start":{"line":85,"column":24},"end":{"line":85,"column":69}},"14":{"start":{"line":85,"column":56},"end":{"line":85,"column":68}},"15":{"start":{"line":87,"column":4},"end":{"line":89,"column":5}},"16":{"start":{"line":88,"column":6},"end":{"line":88,"column":16}},"17":{"start":{"line":91,"column":21},"end":{"line":107,"column":null}},"18":{"start":{"line":93,"column":8},"end":{"line":94,"column":57}},"19":{"start":{"line":110,"column":4},"end":{"line":117,"column":8}},"20":{"start":{"line":110,"column":43},"end":{"line":117,"column":6}},"21":{"start":{"line":121,"column":16},"end":{"line":121,"column":61}},"22":{"start":{"line":122,"column":4},"end":{"line":124,"column":5}},"23":{"start":{"line":123,"column":6},"end":{"line":123,"column":44}},"24":{"start":{"line":126,"column":4},"end":{"line":128,"column":5}},"25":{"start":{"line":127,"column":6},"end":{"line":127,"column":61}},"26":{"start":{"line":130,"column":27},"end":{"line":132,"column":14}},"27":{"start":{"line":134,"column":4},"end":{"line":136,"column":5}},"28":{"start":{"line":135,"column":6},"end":{"line":135,"column":50}},"29":{"start":{"line":138,"column":4},"end":{"line":142,"column":7}},"30":{"start":{"line":144,"column":4},"end":{"line":172,"column":5}},"31":{"start":{"line":145,"column":30},"end":{"line":152,"column":16}},"32":{"start":{"line":154,"column":6},"end":{"line":171,"column":7}},"33":{"start":{"line":155,"column":26},"end":{"line":160,"column":10}},"34":{"start":{"line":162,"column":8},"end":{"line":164,"column":9}},"35":{"start":{"line":163,"column":10},"end":{"line":163,"column":49}},"36":{"start":{"line":166,"column":8},"end":{"line":170,"column":10}},"37":{"start":{"line":174,"column":4},"end":{"line":177,"column":6}},"38":{"start":{"line":181,"column":16},"end":{"line":181,"column":92}},"39":{"start":{"line":182,"column":4},"end":{"line":184,"column":5}},"40":{"start":{"line":183,"column":6},"end":{"line":183,"column":79}},"41":{"start":{"line":186,"column":27},"end":{"line":189,"column":14}},"42":{"start":{"line":191,"column":4},"end":{"line":193,"column":5}},"43":{"start":{"line":192,"column":6},"end":{"line":192,"column":68}},"44":{"start":{"line":195,"column":4},"end":{"line":199,"column":7}},"45":{"start":{"line":201,"column":4},"end":{"line":229,"column":5}},"46":{"start":{"line":202,"column":26},"end":{"line":209,"column":16}},"47":{"start":{"line":211,"column":6},"end":{"line":228,"column":7}},"48":{"start":{"line":212,"column":26},"end":{"line":217,"column":10}},"49":{"start":{"line":219,"column":8},"end":{"line":221,"column":9}},"50":{"start":{"line":220,"column":10},"end":{"line":220,"column":49}},"51":{"start":{"line":223,"column":8},"end":{"line":227,"column":10}},"52":{"start":{"line":231,"column":4},"end":{"line":234,"column":6}},"53":{"start":{"line":238,"column":20},"end":{"line":259,"column":null}},"54":{"start":{"line":262,"column":4},"end":{"line":277,"column":8}},"55":{"start":{"line":262,"column":40},"end":{"line":277,"column":6}},"56":{"start":{"line":281,"column":20},"end":{"line":302,"column":null}},"57":{"start":{"line":305,"column":4},"end":{"line":320,"column":8}},"58":{"start":{"line":305,"column":40},"end":{"line":320,"column":6}},"59":{"start":{"line":324,"column":16},"end":{"line":328,"column":29}},"60":{"start":{"line":330,"column":4},"end":{"line":332,"column":5}},"61":{"start":{"line":331,"column":6},"end":{"line":331,"column":53}},"62":{"start":{"line":333,"column":4},"end":{"line":335,"column":5}},"63":{"start":{"line":334,"column":6},"end":{"line":334,"column":61}},"64":{"start":{"line":337,"column":18},"end":{"line":354,"column":14}},"65":{"start":{"line":356,"column":4},"end":{"line":358,"column":5}},"66":{"start":{"line":357,"column":6},"end":{"line":357,"column":18}},"67":{"start":{"line":360,"column":4},"end":{"line":375,"column":6}},"68":{"start":{"line":379,"column":16},"end":{"line":379,"column":52}},"69":{"start":{"line":381,"column":4},"end":{"line":383,"column":5}},"70":{"start":{"line":382,"column":6},"end":{"line":382,"column":53}},"71":{"start":{"line":384,"column":4},"end":{"line":386,"column":5}},"72":{"start":{"line":385,"column":6},"end":{"line":385,"column":61}},"73":{"start":{"line":388,"column":20},"end":{"line":391,"column":6}},"74":{"start":{"line":393,"column":4},"end":{"line":393,"column":23}},"75":{"start":{"line":6,"column":0},"end":{"line":6,"column":13}}},"fnMap":{"0":{"name":"(anonymous_1)","decl":{"start":{"line":7,"column":2},"end":{"line":7,"column":7}},"loc":{"start":{"line":7,"column":60},"end":{"line":63,"column":3}}},"1":{"name":"(anonymous_2)","decl":{"start":{"line":12,"column":41},"end":{"line":12,"column":42}},"loc":{"start":{"line":12,"column":53},"end":{"line":12,"column":61}}},"2":{"name":"(anonymous_3)","decl":{"start":{"line":19,"column":22},"end":{"line":19,"column":null}},"loc":{"start":{"line":19,"column":22},"end":{"line":25,"column":7}}},"3":{"name":"(anonymous_4)","decl":{"start":{"line":46,"column":31},"end":{"line":46,"column":32}},"loc":{"start":{"line":46,"column":46},"end":{"line":62,"column":6}}},"4":{"name":"(anonymous_5)","decl":{"start":{"line":65,"column":2},"end":{"line":65,"column":7}},"loc":{"start":{"line":65,"column":83},"end":{"line":118,"column":3}}},"5":{"name":"(anonymous_6)","decl":{"start":{"line":75,"column":22},"end":{"line":75,"column":null}},"loc":{"start":{"line":75,"column":22},"end":{"line":81,"column":7}}},"6":{"name":"(anonymous_7)","decl":{"start":{"line":85,"column":44},"end":{"line":85,"column":45}},"loc":{"start":{"line":85,"column":56},"end":{"line":85,"column":68}}},"7":{"name":"(anonymous_8)","decl":{"start":{"line":92,"column":41},"end":{"line":92,"column":null}},"loc":{"start":{"line":92,"column":41},"end":{"line":95,"column":7}}},"8":{"name":"(anonymous_9)","decl":{"start":{"line":110,"column":24},"end":{"line":110,"column":25}},"loc":{"start":{"line":110,"column":43},"end":{"line":117,"column":6}}},"9":{"name":"(anonymous_10)","decl":{"start":{"line":120,"column":2},"end":{"line":120,"column":7}},"loc":{"start":{"line":120,"column":76},"end":{"line":178,"column":3}}},"10":{"name":"(anonymous_11)","decl":{"start":{"line":180,"column":2},"end":{"line":180,"column":7}},"loc":{"start":{"line":180,"column":103},"end":{"line":235,"column":3}}},"11":{"name":"(anonymous_12)","decl":{"start":{"line":237,"column":2},"end":{"line":237,"column":7}},"loc":{"start":{"line":237,"column":46},"end":{"line":278,"column":3}}},"12":{"name":"(anonymous_13)","decl":{"start":{"line":262,"column":23},"end":{"line":262,"column":24}},"loc":{"start":{"line":262,"column":40},"end":{"line":277,"column":6}}},"13":{"name":"(anonymous_14)","decl":{"start":{"line":280,"column":2},"end":{"line":280,"column":7}},"loc":{"start":{"line":280,"column":54},"end":{"line":321,"column":3}}},"14":{"name":"(anonymous_15)","decl":{"start":{"line":305,"column":23},"end":{"line":305,"column":24}},"loc":{"start":{"line":305,"column":40},"end":{"line":320,"column":6}}},"15":{"name":"(anonymous_16)","decl":{"start":{"line":323,"column":2},"end":{"line":323,"column":7}},"loc":{"start":{"line":323,"column":84},"end":{"line":376,"column":3}}},"16":{"name":"(anonymous_17)","decl":{"start":{"line":378,"column":2},"end":{"line":378,"column":7}},"loc":{"start":{"line":378,"column":108},"end":{"line":394,"column":3}}}},"branchMap":{"0":{"loc":{"start":{"line":7,"column":41},"end":{"line":7,"column":60}},"type":"default-arg","locations":[{"start":{"line":7,"column":58},"end":{"line":7,"column":60}}]},"1":{"loc":{"start":{"line":18,"column":26},"end":{"line":18,"column":72}},"type":"cond-expr","locations":[{"start":{"line":18,"column":53},"end":{"line":18,"column":66}},{"start":{"line":18,"column":69},"end":{"line":18,"column":72}}]},"2":{"loc":{"start":{"line":65,"column":64},"end":{"line":65,"column":83}},"type":"default-arg","locations":[{"start":{"line":65,"column":81},"end":{"line":65,"column":83}}]},"3":{"loc":{"start":{"line":67,"column":4},"end":{"line":69,"column":5}},"type":"if","locations":[{"start":{"line":67,"column":4},"end":{"line":69,"column":5}},{"start":{},"end":{}}]},"4":{"loc":{"start":{"line":87,"column":4},"end":{"line":89,"column":5}},"type":"if","locations":[{"start":{"line":87,"column":4},"end":{"line":89,"column":5}},{"start":{},"end":{}}]},"5":{"loc":{"start":{"line":116,"column":21},"end":{"line":116,"column":57}},"type":"binary-expr","locations":[{"start":{"line":116,"column":21},"end":{"line":116,"column":52}},{"start":{"line":116,"column":56},"end":{"line":116,"column":57}}]},"6":{"loc":{"start":{"line":122,"column":4},"end":{"line":124,"column":5}},"type":"if","locations":[{"start":{"line":122,"column":4},"end":{"line":124,"column":5}},{"start":{},"end":{}}]},"7":{"loc":{"start":{"line":126,"column":4},"end":{"line":128,"column":5}},"type":"if","locations":[{"start":{"line":126,"column":4},"end":{"line":128,"column":5}},{"start":{},"end":{}}]},"8":{"loc":{"start":{"line":126,"column":8},"end":{"line":126,"column":56}},"type":"binary-expr","locations":[{"start":{"line":126,"column":8},"end":{"line":126,"column":42}},{"start":{"line":126,"column":46},"end":{"line":126,"column":56}}]},"9":{"loc":{"start":{"line":134,"column":4},"end":{"line":136,"column":5}},"type":"if","locations":[{"start":{"line":134,"column":4},"end":{"line":136,"column":5}},{"start":{},"end":{}}]},"10":{"loc":{"start":{"line":144,"column":4},"end":{"line":172,"column":5}},"type":"if","locations":[{"start":{"line":144,"column":4},"end":{"line":172,"column":5}},{"start":{},"end":{}}]},"11":{"loc":{"start":{"line":154,"column":6},"end":{"line":171,"column":7}},"type":"if","locations":[{"start":{"line":154,"column":6},"end":{"line":171,"column":7}},{"start":{},"end":{}}]},"12":{"loc":{"start":{"line":162,"column":8},"end":{"line":164,"column":9}},"type":"if","locations":[{"start":{"line":162,"column":8},"end":{"line":164,"column":9}},{"start":{},"end":{}}]},"13":{"loc":{"start":{"line":176,"column":15},"end":{"line":176,"column":91}},"type":"cond-expr","locations":[{"start":{"line":176,"column":33},"end":{"line":176,"column":71}},{"start":{"line":176,"column":74},"end":{"line":176,"column":91}}]},"14":{"loc":{"start":{"line":182,"column":4},"end":{"line":184,"column":5}},"type":"if","locations":[{"start":{"line":182,"column":4},"end":{"line":184,"column":5}},{"start":{},"end":{}}]},"15":{"loc":{"start":{"line":191,"column":4},"end":{"line":193,"column":5}},"type":"if","locations":[{"start":{"line":191,"column":4},"end":{"line":193,"column":5}},{"start":{},"end":{}}]},"16":{"loc":{"start":{"line":201,"column":4},"end":{"line":229,"column":5}},"type":"if","locations":[{"start":{"line":201,"column":4},"end":{"line":229,"column":5}},{"start":{},"end":{}}]},"17":{"loc":{"start":{"line":211,"column":6},"end":{"line":228,"column":7}},"type":"if","locations":[{"start":{"line":211,"column":6},"end":{"line":228,"column":7}},{"start":{},"end":{}}]},"18":{"loc":{"start":{"line":219,"column":8},"end":{"line":221,"column":9}},"type":"if","locations":[{"start":{"line":219,"column":8},"end":{"line":221,"column":9}},{"start":{},"end":{}}]},"19":{"loc":{"start":{"line":233,"column":15},"end":{"line":233,"column":91}},"type":"cond-expr","locations":[{"start":{"line":233,"column":33},"end":{"line":233,"column":71}},{"start":{"line":233,"column":74},"end":{"line":233,"column":91}}]},"20":{"loc":{"start":{"line":330,"column":4},"end":{"line":332,"column":5}},"type":"if","locations":[{"start":{"line":330,"column":4},"end":{"line":332,"column":5}},{"start":{},"end":{}}]},"21":{"loc":{"start":{"line":333,"column":4},"end":{"line":335,"column":5}},"type":"if","locations":[{"start":{"line":333,"column":4},"end":{"line":335,"column":5}},{"start":{},"end":{}}]},"22":{"loc":{"start":{"line":356,"column":4},"end":{"line":358,"column":5}},"type":"if","locations":[{"start":{"line":356,"column":4},"end":{"line":358,"column":5}},{"start":{},"end":{}}]},"23":{"loc":{"start":{"line":381,"column":4},"end":{"line":383,"column":5}},"type":"if","locations":[{"start":{"line":381,"column":4},"end":{"line":383,"column":5}},{"start":{},"end":{}}]},"24":{"loc":{"start":{"line":384,"column":4},"end":{"line":386,"column":5}},"type":"if","locations":[{"start":{"line":384,"column":4},"end":{"line":386,"column":5}},{"start":{},"end":{}}]}},"s":{"0":7,"1":0,"2":0,"3":0,"4":0,"5":0,"6":0,"7":0,"8":0,"9":0,"10":0,"11":0,"12":0,"13":0,"14":0,"15":0,"16":0,"17":0,"18":0,"19":0,"20":0,"21":0,"22":0,"23":0,"24":0,"25":0,"26":0,"27":0,"28":0,"29":0,"30":0,"31":0,"32":0,"33":0,"34":0,"35":0,"36":0,"37":0,"38":0,"39":0,"40":0,"41":0,"42":0,"43":0,"44":0,"45":0,"46":0,"47":0,"48":0,"49":0,"50":0,"51":0,"52":0,"53":0,"54":0,"55":0,"56":0,"57":0,"58":0,"59":0,"60":0,"61":0,"62":0,"63":0,"64":0,"65":0,"66":0,"67":0,"68":0,"69":0,"70":0,"71":0,"72":0,"73":0,"74":0,"75":7},"f":{"0":0,"1":0,"2":0,"3":0,"4":0,"5":0,"6":0,"7":0,"8":0,"9":0,"10":0,"11":0,"12":0,"13":0,"14":0,"15":0,"16":0},"b":{"0":[0],"1":[0,0],"2":[0],"3":[0,0],"4":[0,0],"5":[0,0],"6":[0,0],"7":[0,0],"8":[0,0],"9":[0,0],"10":[0,0],"11":[0,0],"12":[0,0],"13":[0,0],"14":[0,0],"15":[0,0],"16":[0,0],"17":[0,0],"18":[0,0],"19":[0,0],"20":[0,0],"21":[0,0],"22":[0,0],"23":[0,0],"24":[0,0]}}
,"D:\\PROGRAMACAO\\Pets_API\\src\\business\\petBusiness.ts": {"path":"D:\\PROGRAMACAO\\Pets_API\\src\\business\\petBusiness.ts","statementMap":{"0":{"start":{"line":4,"column":0},"end":{"line":4,"column":23}},"1":{"start":{"line":10,"column":17},"end":{"line":10,"column":45}},"2":{"start":{"line":12,"column":4},"end":{"line":22,"column":8}},"3":{"start":{"line":12,"column":28},"end":{"line":22,"column":6}},"4":{"start":{"line":27,"column":37},"end":{"line":27,"column":40}},"5":{"start":{"line":30,"column":28},"end":{"line":40,"column":22}},"6":{"start":{"line":43,"column":15},"end":{"line":43,"column":83}},"7":{"start":{"line":45,"column":25},"end":{"line":53,"column":6}},"8":{"start":{"line":55,"column":4},"end":{"line":55,"column":53}},"9":{"start":{"line":55,"column":31},"end":{"line":55,"column":53}},"10":{"start":{"line":57,"column":4},"end":{"line":57,"column":34}},"11":{"start":{"line":62,"column":16},"end":{"line":62,"column":54}},"12":{"start":{"line":64,"column":4},"end":{"line":66,"column":5}},"13":{"start":{"line":65,"column":6},"end":{"line":65,"column":18}},"14":{"start":{"line":68,"column":4},"end":{"line":78,"column":6}},"15":{"start":{"line":83,"column":28},"end":{"line":83,"column":30}},"16":{"start":{"line":85,"column":4},"end":{"line":85,"column":71}},"17":{"start":{"line":85,"column":31},"end":{"line":85,"column":71}},"18":{"start":{"line":86,"column":4},"end":{"line":86,"column":74}},"19":{"start":{"line":86,"column":31},"end":{"line":86,"column":74}},"20":{"start":{"line":87,"column":4},"end":{"line":87,"column":89}},"21":{"start":{"line":87,"column":35},"end":{"line":87,"column":89}},"22":{"start":{"line":89,"column":4},"end":{"line":89,"column":59}},"23":{"start":{"line":89,"column":46},"end":{"line":89,"column":59}},"24":{"start":{"line":91,"column":24},"end":{"line":91,"column":73}},"25":{"start":{"line":92,"column":4},"end":{"line":92,"column":27}},"26":{"start":{"line":97,"column":24},"end":{"line":97,"column":60}},"27":{"start":{"line":98,"column":4},"end":{"line":98,"column":27}},"28":{"start":{"line":7,"column":0},"end":{"line":7,"column":13}}},"fnMap":{"0":{"name":"(anonymous_1)","decl":{"start":{"line":9,"column":2},"end":{"line":9,"column":7}},"loc":{"start":{"line":9,"column":18},"end":{"line":23,"column":3}}},"1":{"name":"(anonymous_2)","decl":{"start":{"line":12,"column":20},"end":{"line":12,"column":23}},"loc":{"start":{"line":12,"column":28},"end":{"line":22,"column":6}}},"2":{"name":"(anonymous_3)","decl":{"start":{"line":26,"column":2},"end":{"line":26,"column":7}},"loc":{"start":{"line":26,"column":25},"end":{"line":58,"column":3}}},"3":{"name":"(anonymous_4)","decl":{"start":{"line":61,"column":2},"end":{"line":61,"column":7}},"loc":{"start":{"line":61,"column":33},"end":{"line":79,"column":3}}},"4":{"name":"(anonymous_5)","decl":{"start":{"line":82,"column":2},"end":{"line":82,"column":7}},"loc":{"start":{"line":82,"column":102},"end":{"line":93,"column":3}}},"5":{"name":"(anonymous_6)","decl":{"start":{"line":96,"column":2},"end":{"line":96,"column":7}},"loc":{"start":{"line":96,"column":29},"end":{"line":99,"column":3}}}},"branchMap":{"0":{"loc":{"start":{"line":35,"column":16},"end":{"line":35,"column":37}},"type":"binary-expr","locations":[{"start":{"line":35,"column":16},"end":{"line":35,"column":28}},{"start":{"line":35,"column":32},"end":{"line":35,"column":37}}]},"1":{"loc":{"start":{"line":36,"column":16},"end":{"line":36,"column":37}},"type":"binary-expr","locations":[{"start":{"line":36,"column":16},"end":{"line":36,"column":28}},{"start":{"line":36,"column":32},"end":{"line":36,"column":37}}]},"2":{"loc":{"start":{"line":37,"column":11},"end":{"line":37,"column":26}},"type":"binary-expr","locations":[{"start":{"line":37,"column":11},"end":{"line":37,"column":18}},{"start":{"line":37,"column":22},"end":{"line":37,"column":26}}]},"3":{"loc":{"start":{"line":38,"column":13},"end":{"line":38,"column":30}},"type":"binary-expr","locations":[{"start":{"line":38,"column":13},"end":{"line":38,"column":22}},{"start":{"line":38,"column":26},"end":{"line":38,"column":30}}]},"4":{"loc":{"start":{"line":43,"column":15},"end":{"line":43,"column":83}},"type":"cond-expr","locations":[{"start":{"line":43,"column":51},"end":{"line":43,"column":67}},{"start":{"line":43,"column":70},"end":{"line":43,"column":83}}]},"5":{"loc":{"start":{"line":50,"column":16},"end":{"line":50,"column":37}},"type":"binary-expr","locations":[{"start":{"line":50,"column":16},"end":{"line":50,"column":28}},{"start":{"line":50,"column":32},"end":{"line":50,"column":37}}]},"6":{"loc":{"start":{"line":51,"column":16},"end":{"line":51,"column":37}},"type":"binary-expr","locations":[{"start":{"line":51,"column":16},"end":{"line":51,"column":28}},{"start":{"line":51,"column":32},"end":{"line":51,"column":37}}]},"7":{"loc":{"start":{"line":52,"column":13},"end":{"line":52,"column":30}},"type":"binary-expr","locations":[{"start":{"line":52,"column":13},"end":{"line":52,"column":22}},{"start":{"line":52,"column":26},"end":{"line":52,"column":30}}]},"8":{"loc":{"start":{"line":55,"column":4},"end":{"line":55,"column":53}},"type":"if","locations":[{"start":{"line":55,"column":4},"end":{"line":55,"column":53}},{"start":{},"end":{}}]},"9":{"loc":{"start":{"line":64,"column":4},"end":{"line":66,"column":5}},"type":"if","locations":[{"start":{"line":64,"column":4},"end":{"line":66,"column":5}},{"start":{},"end":{}}]},"10":{"loc":{"start":{"line":85,"column":4},"end":{"line":85,"column":71}},"type":"if","locations":[{"start":{"line":85,"column":4},"end":{"line":85,"column":71}},{"start":{},"end":{}}]},"11":{"loc":{"start":{"line":86,"column":4},"end":{"line":86,"column":74}},"type":"if","locations":[{"start":{"line":86,"column":4},"end":{"line":86,"column":74}},{"start":{},"end":{}}]},"12":{"loc":{"start":{"line":87,"column":4},"end":{"line":87,"column":89}},"type":"if","locations":[{"start":{"line":87,"column":4},"end":{"line":87,"column":89}},{"start":{},"end":{}}]},"13":{"loc":{"start":{"line":89,"column":4},"end":{"line":89,"column":59}},"type":"if","locations":[{"start":{"line":89,"column":4},"end":{"line":89,"column":59}},{"start":{},"end":{}}]}},"s":{"0":8,"1":1,"2":1,"3":1,"4":2,"5":2,"6":1,"7":1,"8":1,"9":0,"10":1,"11":4,"12":4,"13":2,"14":2,"15":3,"16":3,"17":2,"18":3,"19":0,"20":3,"21":0,"22":3,"23":1,"24":2,"25":2,"26":4,"27":4,"28":8},"f":{"0":1,"1":1,"2":2,"3":4,"4":3,"5":4},"b":{"0":[2,2],"1":[2,2],"2":[2,2],"3":[2,2],"4":[1,0],"5":[1,1],"6":[1,1],"7":[1,1],"8":[0,1],"9":[2,2],"10":[2,1],"11":[0,3],"12":[0,3],"13":[1,2]}}
,"D:\\PROGRAMACAO\\Pets_API\\src\\business\\resgateBusiness.ts": {"path":"D:\\PROGRAMACAO\\Pets_API\\src\\business\\resgateBusiness.ts","statementMap":{"0":{"start":{"line":3,"column":0},"end":{"line":3,"column":23}},"1":{"start":{"line":10,"column":28},"end":{"line":13,"column":22}},"2":{"start":{"line":15,"column":15},"end":{"line":15,"column":83}},"3":{"start":{"line":18,"column":4},"end":{"line":18,"column":14}},"4":{"start":{"line":6,"column":0},"end":{"line":6,"column":13}}},"fnMap":{"0":{"name":"(anonymous_1)","decl":{"start":{"line":8,"column":2},"end":{"line":8,"column":7}},"loc":{"start":{"line":8,"column":40},"end":{"line":19,"column":3}}}},"branchMap":{"0":{"loc":{"start":{"line":11,"column":23},"end":{"line":11,"column":63}},"type":"binary-expr","locations":[{"start":{"line":11,"column":23},"end":{"line":11,"column":42}},{"start":{"line":11,"column":46},"end":{"line":11,"column":63}}]},"1":{"loc":{"start":{"line":12,"column":23},"end":{"line":12,"column":55}},"type":"binary-expr","locations":[{"start":{"line":12,"column":23},"end":{"line":12,"column":37}},{"start":{"line":12,"column":41},"end":{"line":12,"column":55}}]},"2":{"loc":{"start":{"line":15,"column":15},"end":{"line":15,"column":83}},"type":"cond-expr","locations":[{"start":{"line":15,"column":51},"end":{"line":15,"column":67}},{"start":{"line":15,"column":70},"end":{"line":15,"column":83}}]}},"s":{"0":7,"1":2,"2":2,"3":2,"4":7},"f":{"0":2},"b":{"0":[2,0],"1":[2,1],"2":[2,0]}}
,"D:\\PROGRAMACAO\\Pets_API\\src\\business\\usuarioBusiness.ts": {"path":"D:\\PROGRAMACAO\\Pets_API\\src\\business\\usuarioBusiness.ts","statementMap":{"0":{"start":{"line":4,"column":0},"end":{"line":4,"column":23}},"1":{"start":{"line":5,"column":0},"end":{"line":5,"column":30}},"2":{"start":{"line":6,"column":0},"end":{"line":6,"column":31}},"3":{"start":{"line":10,"column":19},"end":{"line":10,"column":61}},"4":{"start":{"line":15,"column":38},"end":{"line":15,"column":45}},"5":{"start":{"line":17,"column":29},"end":{"line":17,"column":74}},"6":{"start":{"line":19,"column":4},"end":{"line":21,"column":5}},"7":{"start":{"line":20,"column":6},"end":{"line":20,"column":45}},"8":{"start":{"line":23,"column":22},"end":{"line":23,"column":53}},"9":{"start":{"line":25,"column":4},"end":{"line":29,"column":7}},"10":{"start":{"line":31,"column":23},"end":{"line":31,"column":68}},"11":{"start":{"line":33,"column":23},"end":{"line":33,"column":36}},"12":{"start":{"line":36,"column":4},"end":{"line":36,"column":32}},"13":{"start":{"line":41,"column":32},"end":{"line":41,"column":44}},"14":{"start":{"line":43,"column":20},"end":{"line":43,"column":65}},"15":{"start":{"line":45,"column":4},"end":{"line":47,"column":5}},"16":{"start":{"line":46,"column":6},"end":{"line":46,"column":47}},"17":{"start":{"line":49,"column":24},"end":{"line":49,"column":74}},"18":{"start":{"line":51,"column":4},"end":{"line":53,"column":5}},"19":{"start":{"line":52,"column":6},"end":{"line":52,"column":47}},"20":{"start":{"line":55,"column":18},"end":{"line":58,"column":null}},"21":{"start":{"line":61,"column":34},"end":{"line":65,"column":6}},"22":{"start":{"line":68,"column":4},"end":{"line":68,"column":27}},"23":{"start":{"line":73,"column":20},"end":{"line":73,"column":62}},"24":{"start":{"line":75,"column":4},"end":{"line":77,"column":5}},"25":{"start":{"line":76,"column":6},"end":{"line":76,"column":18}},"26":{"start":{"line":79,"column":4},"end":{"line":83,"column":6}},"27":{"start":{"line":88,"column":28},"end":{"line":88,"column":30}},"28":{"start":{"line":90,"column":4},"end":{"line":92,"column":5}},"29":{"start":{"line":91,"column":6},"end":{"line":91,"column":46}},"30":{"start":{"line":94,"column":4},"end":{"line":105,"column":5}},"31":{"start":{"line":95,"column":31},"end":{"line":98,"column":16}},"32":{"start":{"line":100,"column":6},"end":{"line":102,"column":7}},"33":{"start":{"line":101,"column":8},"end":{"line":101,"column":66}},"34":{"start":{"line":104,"column":6},"end":{"line":104,"column":48}},"35":{"start":{"line":107,"column":4},"end":{"line":109,"column":5}},"36":{"start":{"line":108,"column":6},"end":{"line":108,"column":19}},"37":{"start":{"line":111,"column":24},"end":{"line":113,"column":25}},"38":{"start":{"line":115,"column":4},"end":{"line":115,"column":27}},"39":{"start":{"line":120,"column":24},"end":{"line":120,"column":64}},"40":{"start":{"line":123,"column":4},"end":{"line":123,"column":27}},"41":{"start":{"line":12,"column":0},"end":{"line":12,"column":13}}},"fnMap":{"0":{"name":"(anonymous_1)","decl":{"start":{"line":14,"column":2},"end":{"line":14,"column":7}},"loc":{"start":{"line":14,"column":37},"end":{"line":37,"column":3}}},"1":{"name":"(anonymous_2)","decl":{"start":{"line":40,"column":2},"end":{"line":40,"column":7}},"loc":{"start":{"line":40,"column":40},"end":{"line":69,"column":3}}},"2":{"name":"(anonymous_3)","decl":{"start":{"line":72,"column":2},"end":{"line":72,"column":7}},"loc":{"start":{"line":72,"column":37},"end":{"line":84,"column":3}}},"3":{"name":"(anonymous_4)","decl":{"start":{"line":87,"column":2},"end":{"line":87,"column":7}},"loc":{"start":{"line":87,"column":88},"end":{"line":116,"column":3}}},"4":{"name":"(anonymous_5)","decl":{"start":{"line":119,"column":2},"end":{"line":119,"column":7}},"loc":{"start":{"line":119,"column":33},"end":{"line":124,"column":3}}}},"branchMap":{"0":{"loc":{"start":{"line":10,"column":19},"end":{"line":10,"column":61}},"type":"binary-expr","locations":[{"start":{"line":10,"column":19},"end":{"line":10,"column":41}},{"start":{"line":10,"column":45},"end":{"line":10,"column":61}}]},"1":{"loc":{"start":{"line":19,"column":4},"end":{"line":21,"column":5}},"type":"if","locations":[{"start":{"line":19,"column":4},"end":{"line":21,"column":5}},{"start":{},"end":{}}]},"2":{"loc":{"start":{"line":45,"column":4},"end":{"line":47,"column":5}},"type":"if","locations":[{"start":{"line":45,"column":4},"end":{"line":47,"column":5}},{"start":{},"end":{}}]},"3":{"loc":{"start":{"line":51,"column":4},"end":{"line":53,"column":5}},"type":"if","locations":[{"start":{"line":51,"column":4},"end":{"line":53,"column":5}},{"start":{},"end":{}}]},"4":{"loc":{"start":{"line":75,"column":4},"end":{"line":77,"column":5}},"type":"if","locations":[{"start":{"line":75,"column":4},"end":{"line":77,"column":5}},{"start":{},"end":{}}]},"5":{"loc":{"start":{"line":90,"column":4},"end":{"line":92,"column":5}},"type":"if","locations":[{"start":{"line":90,"column":4},"end":{"line":92,"column":5}},{"start":{},"end":{}}]},"6":{"loc":{"start":{"line":94,"column":4},"end":{"line":105,"column":5}},"type":"if","locations":[{"start":{"line":94,"column":4},"end":{"line":105,"column":5}},{"start":{},"end":{}}]},"7":{"loc":{"start":{"line":100,"column":6},"end":{"line":102,"column":7}},"type":"if","locations":[{"start":{"line":100,"column":6},"end":{"line":102,"column":7}},{"start":{},"end":{}}]},"8":{"loc":{"start":{"line":107,"column":4},"end":{"line":109,"column":5}},"type":"if","locations":[{"start":{"line":107,"column":4},"end":{"line":109,"column":5}},{"start":{},"end":{}}]}},"s":{"0":8,"1":8,"2":8,"3":8,"4":4,"5":4,"6":4,"7":1,"8":3,"9":3,"10":3,"11":3,"12":3,"13":4,"14":4,"15":4,"16":0,"17":4,"18":4,"19":2,"20":2,"21":2,"22":2,"23":0,"24":0,"25":0,"26":0,"27":0,"28":0,"29":0,"30":0,"31":0,"32":0,"33":0,"34":0,"35":0,"36":0,"37":0,"38":0,"39":0,"40":0,"41":8},"f":{"0":4,"1":4,"2":0,"3":0,"4":0},"b":{"0":[8,8],"1":[1,3],"2":[0,4],"3":[2,2],"4":[0,0],"5":[0,0],"6":[0,0],"7":[0,0],"8":[0,0]}}
,"D:\\PROGRAMACAO\\Pets_API\\src\\controllers\\adocaoController.ts": {"path":"D:\\PROGRAMACAO\\Pets_API\\src\\controllers\\adocaoController.ts","statementMap":{"0":{"start":{"line":5,"column":0},"end":{"line":5,"column":60}},"1":{"start":{"line":8,"column":23},"end":{"line":8,"column":43}},"2":{"start":{"line":13,"column":4},"end":{"line":25,"column":5}},"3":{"start":{"line":14,"column":37},"end":{"line":14,"column":45}},"4":{"start":{"line":16,"column":6},"end":{"line":18,"column":7}},"5":{"start":{"line":17,"column":8},"end":{"line":17,"column":73}},"6":{"start":{"line":20,"column":6},"end":{"line":20,"column":63}},"7":{"start":{"line":22,"column":6},"end":{"line":22,"column":77}},"8":{"start":{"line":24,"column":6},"end":{"line":24,"column":67}},"9":{"start":{"line":30,"column":4},"end":{"line":48,"column":5}},"10":{"start":{"line":31,"column":21},"end":{"line":31,"column":31}},"11":{"start":{"line":32,"column":25},"end":{"line":32,"column":33}},"12":{"start":{"line":34,"column":22},"end":{"line":34,"column":58}},"13":{"start":{"line":36,"column":6},"end":{"line":38,"column":7}},"14":{"start":{"line":37,"column":8},"end":{"line":37,"column":67}},"15":{"start":{"line":40,"column":21},"end":{"line":40,"column":77}},"16":{"start":{"line":42,"column":6},"end":{"line":42,"column":84}},"17":{"start":{"line":42,"column":19},"end":{"line":42,"column":84}},"18":{"start":{"line":44,"column":6},"end":{"line":44,"column":62}},"19":{"start":{"line":46,"column":6},"end":{"line":46,"column":27}},"20":{"start":{"line":47,"column":6},"end":{"line":47,"column":67}},"21":{"start":{"line":53,"column":4},"end":{"line":80,"column":5}},"22":{"start":{"line":54,"column":21},"end":{"line":54,"column":31}},"23":{"start":{"line":57,"column":6},"end":{"line":59,"column":7}},"24":{"start":{"line":58,"column":8},"end":{"line":58,"column":63}},"25":{"start":{"line":61,"column":24},"end":{"line":61,"column":34}},"26":{"start":{"line":63,"column":6},"end":{"line":65,"column":7}},"27":{"start":{"line":64,"column":8},"end":{"line":64,"column":63}},"28":{"start":{"line":68,"column":24},"end":{"line":68,"column":79}},"29":{"start":{"line":71,"column":6},"end":{"line":73,"column":7}},"30":{"start":{"line":72,"column":8},"end":{"line":72,"column":73}},"31":{"start":{"line":76,"column":6},"end":{"line":76,"column":46}},"32":{"start":{"line":78,"column":6},"end":{"line":78,"column":27}},"33":{"start":{"line":79,"column":6},"end":{"line":79,"column":80}},"34":{"start":{"line":10,"column":0},"end":{"line":10,"column":13}}},"fnMap":{"0":{"name":"(anonymous_0)","decl":{"start":{"line":12,"column":2},"end":{"line":12,"column":7}},"loc":{"start":{"line":12,"column":47},"end":{"line":26,"column":3}}},"1":{"name":"(anonymous_1)","decl":{"start":{"line":29,"column":2},"end":{"line":29,"column":7}},"loc":{"start":{"line":29,"column":51},"end":{"line":49,"column":3}}},"2":{"name":"(anonymous_2)","decl":{"start":{"line":52,"column":2},"end":{"line":52,"column":7}},"loc":{"start":{"line":52,"column":59},"end":{"line":81,"column":3}}}},"branchMap":{"0":{"loc":{"start":{"line":16,"column":6},"end":{"line":18,"column":7}},"type":"if","locations":[{"start":{"line":16,"column":6},"end":{"line":18,"column":7}},{"start":{},"end":{}}]},"1":{"loc":{"start":{"line":16,"column":10},"end":{"line":16,"column":32}},"type":"binary-expr","locations":[{"start":{"line":16,"column":10},"end":{"line":16,"column":21}},{"start":{"line":16,"column":25},"end":{"line":16,"column":32}}]},"2":{"loc":{"start":{"line":36,"column":6},"end":{"line":38,"column":7}},"type":"if","locations":[{"start":{"line":36,"column":6},"end":{"line":38,"column":7}},{"start":{},"end":{}}]},"3":{"loc":{"start":{"line":42,"column":6},"end":{"line":42,"column":84}},"type":"if","locations":[{"start":{"line":42,"column":6},"end":{"line":42,"column":84}},{"start":{},"end":{}}]},"4":{"loc":{"start":{"line":57,"column":6},"end":{"line":59,"column":7}},"type":"if","locations":[{"start":{"line":57,"column":6},"end":{"line":59,"column":7}},{"start":{},"end":{}}]},"5":{"loc":{"start":{"line":63,"column":6},"end":{"line":65,"column":7}},"type":"if","locations":[{"start":{"line":63,"column":6},"end":{"line":65,"column":7}},{"start":{},"end":{}}]},"6":{"loc":{"start":{"line":71,"column":6},"end":{"line":73,"column":7}},"type":"if","locations":[{"start":{"line":71,"column":6},"end":{"line":73,"column":7}},{"start":{},"end":{}}]}},"s":{"0":7,"1":7,"2":4,"3":4,"4":4,"5":2,"6":2,"7":0,"8":2,"9":4,"10":4,"11":4,"12":4,"13":4,"14":2,"15":2,"16":2,"17":2,"18":0,"19":0,"20":0,"21":3,"22":3,"23":3,"24":0,"25":3,"26":3,"27":0,"28":3,"29":3,"30":2,"31":1,"32":0,"33":0,"34":7},"f":{"0":4,"1":4,"2":3},"b":{"0":[2,2],"1":[4,4],"2":[2,2],"3":[2,0],"4":[0,3],"5":[0,3],"6":[2,1]}}
,"D:\\PROGRAMACAO\\Pets_API\\src\\controllers\\doacaoController.ts": {"path":"D:\\PROGRAMACAO\\Pets_API\\src\\controllers\\doacaoController.ts","statementMap":{"0":{"start":{"line":5,"column":0},"end":{"line":5,"column":60}},"1":{"start":{"line":8,"column":23},"end":{"line":8,"column":43}},"2":{"start":{"line":13,"column":4},"end":{"line":49,"column":5}},"3":{"start":{"line":14,"column":89},"end":{"line":14,"column":97}},"4":{"start":{"line":17,"column":6},"end":{"line":19,"column":7}},"5":{"start":{"line":18,"column":8},"end":{"line":18,"column":109}},"6":{"start":{"line":21,"column":31},"end":{"line":21,"column":49}},"7":{"start":{"line":23,"column":6},"end":{"line":25,"column":7}},"8":{"start":{"line":24,"column":8},"end":{"line":24,"column":96}},"9":{"start":{"line":28,"column":25},"end":{"line":34,"column":8}},"10":{"start":{"line":37,"column":6},"end":{"line":40,"column":9}},"11":{"start":{"line":42,"column":6},"end":{"line":42,"column":27}},"12":{"start":{"line":44,"column":6},"end":{"line":46,"column":7}},"13":{"start":{"line":45,"column":8},"end":{"line":45,"column":62}},"14":{"start":{"line":48,"column":6},"end":{"line":48,"column":67}},"15":{"start":{"line":54,"column":4},"end":{"line":81,"column":5}},"16":{"start":{"line":55,"column":21},"end":{"line":55,"column":31}},"17":{"start":{"line":58,"column":6},"end":{"line":60,"column":7}},"18":{"start":{"line":59,"column":8},"end":{"line":59,"column":63}},"19":{"start":{"line":62,"column":28},"end":{"line":62,"column":38}},"20":{"start":{"line":64,"column":6},"end":{"line":66,"column":7}},"21":{"start":{"line":65,"column":8},"end":{"line":65,"column":63}},"22":{"start":{"line":69,"column":24},"end":{"line":69,"column":87}},"23":{"start":{"line":72,"column":6},"end":{"line":74,"column":7}},"24":{"start":{"line":73,"column":8},"end":{"line":73,"column":77}},"25":{"start":{"line":77,"column":6},"end":{"line":77,"column":46}},"26":{"start":{"line":79,"column":6},"end":{"line":79,"column":27}},"27":{"start":{"line":80,"column":6},"end":{"line":80,"column":80}},"28":{"start":{"line":10,"column":0},"end":{"line":10,"column":13}}},"fnMap":{"0":{"name":"(anonymous_0)","decl":{"start":{"line":12,"column":2},"end":{"line":12,"column":7}},"loc":{"start":{"line":12,"column":51},"end":{"line":50,"column":3}}},"1":{"name":"(anonymous_1)","decl":{"start":{"line":53,"column":2},"end":{"line":53,"column":7}},"loc":{"start":{"line":53,"column":63},"end":{"line":82,"column":3}}}},"branchMap":{"0":{"loc":{"start":{"line":17,"column":6},"end":{"line":19,"column":7}},"type":"if","locations":[{"start":{"line":17,"column":6},"end":{"line":19,"column":7}},{"start":{},"end":{}}]},"1":{"loc":{"start":{"line":17,"column":10},"end":{"line":17,"column":87}},"type":"binary-expr","locations":[{"start":{"line":17,"column":10},"end":{"line":17,"column":21}},{"start":{"line":17,"column":25},"end":{"line":17,"column":40}},{"start":{"line":17,"column":44},"end":{"line":17,"column":59}},{"start":{"line":17,"column":63},"end":{"line":17,"column":87}}]},"2":{"loc":{"start":{"line":23,"column":6},"end":{"line":25,"column":7}},"type":"if","locations":[{"start":{"line":23,"column":6},"end":{"line":25,"column":7}},{"start":{},"end":{}}]},"3":{"loc":{"start":{"line":23,"column":10},"end":{"line":23,"column":58}},"type":"binary-expr","locations":[{"start":{"line":23,"column":10},"end":{"line":23,"column":33}},{"start":{"line":23,"column":37},"end":{"line":23,"column":58}}]},"4":{"loc":{"start":{"line":44,"column":6},"end":{"line":46,"column":7}},"type":"if","locations":[{"start":{"line":44,"column":6},"end":{"line":46,"column":7}},{"start":{},"end":{}}]},"5":{"loc":{"start":{"line":44,"column":10},"end":{"line":44,"column":155}},"type":"binary-expr","locations":[{"start":{"line":44,"column":10},"end":{"line":44,"column":52}},{"start":{"line":44,"column":56},"end":{"line":44,"column":102}},{"start":{"line":44,"column":106},"end":{"line":44,"column":155}}]},"6":{"loc":{"start":{"line":58,"column":6},"end":{"line":60,"column":7}},"type":"if","locations":[{"start":{"line":58,"column":6},"end":{"line":60,"column":7}},{"start":{},"end":{}}]},"7":{"loc":{"start":{"line":64,"column":6},"end":{"line":66,"column":7}},"type":"if","locations":[{"start":{"line":64,"column":6},"end":{"line":66,"column":7}},{"start":{},"end":{}}]},"8":{"loc":{"start":{"line":72,"column":6},"end":{"line":74,"column":7}},"type":"if","locations":[{"start":{"line":72,"column":6},"end":{"line":74,"column":7}},{"start":{},"end":{}}]}},"s":{"0":7,"1":7,"2":0,"3":0,"4":0,"5":0,"6":0,"7":0,"8":0,"9":0,"10":0,"11":0,"12":0,"13":0,"14":0,"15":0,"16":0,"17":0,"18":0,"19":0,"20":0,"21":0,"22":0,"23":0,"24":0,"25":0,"26":0,"27":0,"28":7},"f":{"0":0,"1":0},"b":{"0":[0,0],"1":[0,0,0,0],"2":[0,0],"3":[0,0],"4":[0,0],"5":[0,0,0],"6":[0,0],"7":[0,0],"8":[0,0]}}
,"D:\\PROGRAMACAO\\Pets_API\\src\\controllers\\enderecoController.ts": {"path":"D:\\PROGRAMACAO\\Pets_API\\src\\controllers\\enderecoController.ts","statementMap":{"0":{"start":{"line":4,"column":0},"end":{"line":4,"column":64}},"1":{"start":{"line":7,"column":25},"end":{"line":7,"column":47}},"2":{"start":{"line":12,"column":4},"end":{"line":19,"column":5}},"3":{"start":{"line":13,"column":24},"end":{"line":13,"column":64}},"4":{"start":{"line":15,"column":6},"end":{"line":15,"column":38}},"5":{"start":{"line":17,"column":6},"end":{"line":17,"column":27}},"6":{"start":{"line":18,"column":6},"end":{"line":18,"column":55}},"7":{"start":{"line":24,"column":4},"end":{"line":58,"column":5}},"8":{"start":{"line":25,"column":93},"end":{"line":25,"column":101}},"9":{"start":{"line":27,"column":6},"end":{"line":30,"column":7}},"10":{"start":{"line":28,"column":8},"end":{"line":28,"column":78}},"11":{"start":{"line":29,"column":8},"end":{"line":29,"column":15}},"12":{"start":{"line":32,"column":6},"end":{"line":35,"column":7}},"13":{"start":{"line":33,"column":8},"end":{"line":33,"column":61}},"14":{"start":{"line":34,"column":8},"end":{"line":34,"column":15}},"15":{"start":{"line":37,"column":27},"end":{"line":47,"column":8}},"16":{"start":{"line":49,"column":6},"end":{"line":49,"column":41}},"17":{"start":{"line":51,"column":6},"end":{"line":51,"column":27}},"18":{"start":{"line":53,"column":6},"end":{"line":57,"column":7}},"19":{"start":{"line":54,"column":8},"end":{"line":54,"column":44}},"20":{"start":{"line":56,"column":8},"end":{"line":56,"column":55}},"21":{"start":{"line":63,"column":4},"end":{"line":88,"column":5}},"22":{"start":{"line":64,"column":21},"end":{"line":64,"column":31}},"23":{"start":{"line":66,"column":6},"end":{"line":69,"column":7}},"24":{"start":{"line":67,"column":8},"end":{"line":67,"column":44}},"25":{"start":{"line":68,"column":8},"end":{"line":68,"column":15}},"26":{"start":{"line":71,"column":25},"end":{"line":71,"column":37}},"27":{"start":{"line":73,"column":6},"end":{"line":76,"column":7}},"28":{"start":{"line":74,"column":8},"end":{"line":74,"column":44}},"29":{"start":{"line":75,"column":8},"end":{"line":75,"column":15}},"30":{"start":{"line":78,"column":23},"end":{"line":78,"column":77}},"31":{"start":{"line":80,"column":6},"end":{"line":84,"column":7}},"32":{"start":{"line":81,"column":8},"end":{"line":81,"column":39}},"33":{"start":{"line":83,"column":8},"end":{"line":83,"column":56}},"34":{"start":{"line":86,"column":6},"end":{"line":86,"column":27}},"35":{"start":{"line":87,"column":6},"end":{"line":87,"column":54}},"36":{"start":{"line":93,"column":4},"end":{"line":1
[...]
ne":149,"column":5}},"58":{"start":{"line":125,"column":21},"end":{"line":125,"column":31}},"59":{"start":{"line":127,"column":6},"end":{"line":130,"column":7}},"60":{"start":{"line":128,"column":8},"end":{"line":128,"column":44}},"61":{"start":{"line":129,"column":8},"end":{"line":129,"column":15}},"62":{"start":{"line":132,"column":24},"end":{"line":132,"column":36}},"63":{"start":{"line":134,"column":6},"end":{"line":137,"column":7}},"64":{"start":{"line":135,"column":8},"end":{"line":135,"column":44}},"65":{"start":{"line":136,"column":8},"end":{"line":136,"column":15}},"66":{"start":{"line":139,"column":23},"end":{"line":139,"column":70}},"67":{"start":{"line":141,"column":6},"end":{"line":145,"column":7}},"68":{"start":{"line":142,"column":8},"end":{"line":142,"column":61}},"69":{"start":{"line":144,"column":8},"end":{"line":144,"column":55}},"70":{"start":{"line":147,"column":6},"end":{"line":147,"column":27}},"71":{"start":{"line":148,"column":6},"end":{"line":148,"column":54}},"72":{"start":{"line":9,"column":0},"end":{"line":9,"column":13}}},"fnMap":{"0":{"name":"(anonymous_0)","decl":{"start":{"line":11,"column":2},"end":{"line":11,"column":7}},"loc":{"start":{"line":11,"column":48},"end":{"line":31,"column":3}}},"1":{"name":"(anonymous_1)","decl":{"start":{"line":34,"column":2},"end":{"line":34,"column":7}},"loc":{"start":{"line":34,"column":41},"end":{"line":54,"column":3}}},"2":{"name":"(anonymous_2)","decl":{"start":{"line":57,"column":2},"end":{"line":57,"column":7}},"loc":{"start":{"line":57,"column":54},"end":{"line":84,"column":3}}},"3":{"name":"(anonymous_3)","decl":{"start":{"line":87,"column":2},"end":{"line":87,"column":7}},"loc":{"start":{"line":87,"column":52},"end":{"line":120,"column":3}}},"4":{"name":"(anonymous_4)","decl":{"start":{"line":123,"column":2},"end":{"line":123,"column":7}},"loc":{"start":{"line":123,"column":50},"end":{"line":150,"column":3}}}},"branchMap":{"0":{"loc":{"start":{"line":14,"column":6},"end":{"line":17,"column":7}},"type":"if","locations":[{"start":{"line":14,"column":6},"end":{"line":17,"column":7}},{"start":{},"end":{}}]},"1":{"loc":{"start":{"line":14,"column":10},"end":{"line":14,"column":38}},"type":"binary-expr","locations":[{"start":{"line":14,"column":10},"end":{"line":14,"column":15}},{"start":{"line":14,"column":19},"end":{"line":14,"column":25}},{"start":{"line":14,"column":29},"end":{"line":14,"column":38}}]},"2":{"loc":{"start":{"line":25,"column":6},"end":{"line":29,"column":7}},"type":"if","locations":[{"start":{"line":25,"column":6},"end":{"line":29,"column":7}},{"start":{"line":27,"column":13},"end":{"line":29,"column":7}}]},"3":{"loc":{"start":{"line":38,"column":6},"end":{"line":41,"column":7}},"type":"if","locations":[{"start":{"line":38,"column":6},"end":{"line":41,"column":7}},{"start":{},"end":{}}]},"4":{"loc":{"start":{"line":38,"column":10},"end":{"line":38,"column":29}},"type":"binary-expr","locations":[{"start":{"line":38,"column":10},"end":{"line":38,"column":16}},{"start":{"line":38,"column":20},"end":{"line":38,"column":29}}]},"5":{"loc":{"start":{"line":48,"column":6},"end":{"line":52,"column":7}},"type":"if","locations":[{"start":{"line":48,"column":6},"end":{"line":52,"column":7}},{"start":{"line":50,"column":13},"end":{"line":52,"column":7}}]},"6":{"loc":{"start":{"line":61,"column":6},"end":{"line":64,"column":7}},"type":"if","locations":[{"start":{"line":61,"column":6},"end":{"line":64,"column":7}},{"start":{},"end":{}}]},"7":{"loc":{"start":{"line":68,"column":6},"end":{"line":71,"column":7}},"type":"if","locations":[{"start":{"line":68,"column":6},"end":{"line":71,"column":7}},{"start":{},"end":{}}]},"8":{"loc":{"start":{"line":75,"column":6},"end":{"line":79,"column":7}},"type":"if","locations":[{"start":{"line":75,"column":6},"end":{"line":79,"column":7}},{"start":{"line":77,"column":13},"end":{"line":79,"column":7}}]},"9":{"loc":{"start":{"line":92,"column":6},"end":{"line":95,"column":7}},"type":"if","locations":[{"start":{"line":92,"column":6},"end":{"line":95,"column":7}},{"start":{},"end":{}}]},"10":{"loc":{"start":{"line":99,"column":6},"end":{"line":102,"column":7}},"type":"if","locations":[{"start":{"line":99,"column":6},"end":{"line":102,"column":7}},{"start":{},"end":{}}]},"11":{"loc":{"start":{"line":106,"column":6},"end":{"line":110,"column":7}},"type":"if","locations":[{"start":{"line":106,"column":6},"end":{"line":110,"column":7}},{"start":{"line":108,"column":13},"end":{"line":110,"column":7}}]},"12":{"loc":{"start":{"line":114,"column":6},"end":{"line":118,"column":7}},"type":"if","locations":[{"start":{"line":114,"column":6},"end":{"line":118,"column":7}},{"start":{"line":116,"column":13},"end":{"line":118,"column":7}}]},"13":{"loc":{"start":{"line":127,"column":6},"end":{"line":130,"column":7}},"type":"if","locations":[{"start":{"line":127,"column":6},"end":{"line":130,"column":7}},{"start":{},"end":{}}]},"14":{"loc":{"start":{"line":134,"column":6},"end":{"line":137,"column":7}},"type":"if","locations":[{"start":{"line":134,"column":6},"end":{"line":137,"column":7}},{"start":{},"end":{}}]},"15":{"loc":{"start":{"line":141,"column":6},"end":{"line":145,"column":7}},"type":"if","locations":[{"start":{"line":141,"column":6},"end":{"line":145,"column":7}},{"start":{"line":143,"column":13},"end":{"line":145,"column":7}}]}},"s":{"0":7,"1":7,"2":3,"3":3,"4":3,"5":1,"6":1,"7":2,"8":2,"9":0,"10":0,"11":0,"12":0,"13":2,"14":2,"15":2,"16":0,"17":0,"18":2,"19":1,"20":1,"21":1,"22":1,"23":0,"24":0,"25":0,"26":0,"27":0,"28":0,"29":0,"30":0,"31":0,"32":0,"33":0,"34":0,"35":0,"36":0,"37":0,"38":0,"39":0,"40":0,"41":0,"42":0,"43":0,"44":0,"45":0,"46":0,"47":0,"48":0,"49":0,"50":0,"51":0,"52":0,"53":0,"54":0,"55":0,"56":0,"57":0,"58":0,"59":0,"60":0,"61":0,"62":0,"63":0,"64":0,"65":0,"66":0,"67":0,"68":0,"69":0,"70":0,"71":0,"72":7},"f":{"0":3,"1":2,"2":0,"3":0,"4":0},"b":{"0":[1,2],"1":[3,2,2],"2":[0,0],"3":[0,2],"4":[2,2],"5":[1,0],"6":[0,0],"7":[0,0],"8":[0,0],"9":[0,0],"10":[0,0],"11":[0,0],"12":[0,0],"13":[0,0],"14":[0,0],"15":[0,0]}}
,"D:\\PROGRAMACAO\\Pets_API\\src\\routes\\adocaoRoutes.ts": {"path":"D:\\PROGRAMACAO\\Pets_API\\src\\routes\\adocaoRoutes.ts","statementMap":{"0":{"start":{"line":3,"column":0},"end":{"line":3,"column":30}},"1":{"start":{"line":4,"column":0},"end":{"line":4,"column":67}},"2":{"start":{"line":7,"column":15},"end":{"line":7,"column":31}},"3":{"start":{"line":10,"column":25},"end":{"line":10,"column":47}},"4":{"start":{"line":13,"column":0},"end":{"line":13,"column":47}},"5":{"start":{"line":16,"column":0},"end":{"line":16,"column":62}},"6":{"start":{"line":19,"column":0},"end":{"line":19,"column":69}},"7":{"start":{"line":21,"column":0},"end":{"line":21,"column":22}}},"fnMap":{},"branchMap":{},"s":{"0":7,"1":7,"2":7,"3":7,"4":7,"5":7,"6":7,"7":7},"f":{},"b":{}}
,"D:\\PROGRAMACAO\\Pets_API\\src\\routes\\doacaoRoutes.ts": {"path":"D:\\PROGRAMACAO\\Pets_API\\src\\routes\\doacaoRoutes.ts","statementMap":{"0":{"start":{"line":3,"column":0},"end":{"line":3,"column":30}},"1":{"start":{"line":4,"column":0},"end":{"line":4,"column":67}},"2":{"start":{"line":7,"column":15},"end":{"line":7,"column":31}},"3":{"start":{"line":10,"column":25},"end":{"line":10,"column":47}},"4":{"start":{"line":13,"column":0},"end":{"line":13,"column":51}},"5":{"start":{"line":16,"column":0},"end":{"line":16,"column":77}},"6":{"start":{"line":18,"column":0},"end":{"line":18,"column":22}}},"fnMap":{},"branchMap":{},"s":{"0":7,"1":7,"2":7,"3":7,"4":7,"5":7,"6":7},"f":{},"b":{}}
,"D:\\PROGRAMACAO\\Pets_API\\src\\routes\\enderecoRoutes.ts": {"path":"D:\\PROGRAMACAO\\Pets_API\\src\\routes\\enderecoRoutes.ts","statementMap":{"0":{"start":{"line":3,"column":0},"end":{"line":3,"column":33}},"1":{"start":{"line":4,"column":0},"end":{"line":4,"column":71}},"2":{"start":{"line":7,"column":15},"end":{"line":7,"column":23}},"3":{"start":{"line":10,"column":27},"end":{"line":10,"column":51}},"4":{"start":{"line":13,"column":0},"end":{"line":13,"column":76}},"5":{"start":{"line":13,"column":30},"end":{"line":13,"column":74}},"6":{"start":{"line":16,"column":0},"end":{"line":16,"column":75}},"7":{"start":{"line":16,"column":31},"end":{"line":16,"column":73}},"8":{"start":{"line":19,"column":0},"end":{"line":19,"column":83}},"9":{"start":{"line":19,"column":33},"end":{"line":19,"column":81}},"10":{"start":{"line":22,"column":0},"end":{"line":22,"column":83}},"11":{"start":{"line":22,"column":35},"end":{"line":22,"column":81}},"12":{"start":{"line":25,"column":0},"end":{"line":25,"column":82}},"13":{"start":{"line":25,"column":36},"end":{"line":25,"column":80}},"14":{"start":{"line":27,"column":0},"end":{"line":27,"column":22}}},"fnMap":{"0":{"name":"(anonymous_0)","decl":{"start":{"line":13,"column":16},"end":{"line":13,"column":17}},"loc":{"start":{"line":13,"column":30},"end":{"line":13,"column":74}}},"1":{"name":"(anonymous_1)","decl":{"start":{"line":16,"column":17},"end":{"line":16,"column":18}},"loc":{"start":{"line":16,"column":31},"end":{"line":16,"column":73}}},"2":{"name":"(anonymous_2)","decl":{"start":{"line":19,"column":19},"end":{"line":19,"column":20}},"loc":{"start":{"line":19,"column":33},"end":{"line":19,"column":81}}},"3":{"name":"(anonymous_3)","decl":{"start":{"line":22,"column":21},"end":{"line":22,"column":22}},"loc":{"start":{"line":22,"column":35},"end":{"line":22,"column":81}}},"4":{"name":"(anonymous_4)","decl":{"start":{"line":25,"column":22},"end":{"line":25,"column":23}},"loc":{"start":{"line":25,"column":36},"end":{"line":25,"column":80}}}},"branchMap":{},"s":{"0":7,"1":7,"2":7,"3":7,"4":7,"5":0,"6":7,"7":2,"8":7,"9":2,"10":7,"11":2,"12":7,"13":3,"14":7},"f":{"0":0,"1":2,"2":2,"3":2,"4":3},"b":{}}
,"D:\\PROGRAMACAO\\Pets_API\\src\\routes\\instituicaoRoutes.ts": {"path":"D:\\PROGRAMACAO\\Pets_API\\src\\routes\\instituicaoRoutes.ts","statementMap":{"0":{"start":{"line":3,"column":0},"end":{"line":3,"column":33}},"1":{"start":{"line":4,"column":0},"end":{"line":4,"column":77}},"2":{"start":{"line":7,"column":15},"end":{"line":7,"column":23}},"3":{"start":{"line":10,"column":30},"end":{"line":10,"column":57}},"4":{"start":{"line":13,"column":0},"end":{"line":13,"column":82}},"5":{"start":{"line":13,"column":30},"end":{"line":13,"column":80}},"6":{"start":{"line":16,"column":0},"end":{"line":16,"column":81}},"7":{"start":{"line":16,"column":31},"end":{"line":16,"column":79}},"8":{"start":{"line":19,"column":0},"end":{"line":19,"column":89}},"9":{"start":{"line":19,"column":33},"end":{"line":19,"column":87}},"10":{"start":{"line":22,"column":0},"end":{"line":22,"column":89}},"11":{"start":{"line":22,"column":35},"end":{"line":22,"column":87}},"12":{"start":{"line":25,"column":0},"end":{"line":25,"column":88}},"13":{"start":{"line":25,"column":36},"end":{"line":25,"column":86}},"14":{"start":{"line":27,"column":0},"end":{"line":27,"column":22}}},"fnMap":{"0":{"name":"(anonymous_0)","decl":{"start":{"line":13,"column":16},"end":{"line":13,"column":17}},"loc":{"start":{"line":13,"column":30},"end":{"line":13,"column":80}}},"1":{"name":"(anonymous_1)","decl":{"start":{"line":16,"column":17},"end":{"line":16,"column":18}},"loc":{"start":{"line":16,"column":31},"end":{"line":16,"column":79}}},"2":{"name":"(anonymous_2)","decl":{"start":{"line":19,"column":19},"end":{"line":19,"column":20}},"loc":{"start":{"line":19,"column":33},"end":{"line":19,"column":87}}},"3":{"name":"(anonymous_3)","decl":{"start":{"line":22,"column":21},"end":{"line":22,"column":22}},"loc":{"start":{"line":22,"column":35},"end":{"line":22,"column":87}}},"4":{"name":"(anonymous_4)","decl":{"start":{"line":25,"column":22},"end":{"line":25,"column":23}},"loc":{"start":{"line":25,"column":36},"end":{"line":25,"column":86}}}},"branchMap":{},"s":{"0":7,"1":7,"2":7,"3":7,"4":7,"5":1,"6":7,"7":3,"8":7,"9":2,"10":7,"11":2,"12":7,"13":1,"14":7},"f":{"0":1,"1":3,"2":2,"3":2,"4":1},"b":{}}
,"D:\\PROGRAMACAO\\Pets_API\\src\\routes\\matchRoutes.ts": {"path":"D:\\PROGRAMACAO\\Pets_API\\src\\routes\\matchRoutes.ts","statementMap":{"0":{"start":{"line":3,"column":0},"end":{"line":3,"column":33}},"1":{"start":{"line":4,"column":0},"end":{"line":4,"column":65}},"2":{"start":{"line":7,"column":15},"end":{"line":7,"column":23}},"3":{"start":{"line":9,"column":24},"end":{"line":9,"column":45}},"4":{"start":{"line":11,"column":0},"end":{"line":11,"column":84}},"5":{"start":{"line":11,"column":43},"end":{"line":11,"column":82}},"6":{"start":{"line":13,"column":0},"end":{"line":13,"column":92}},"7":{"start":{"line":13,"column":47},"end":{"line":13,"column":90}},"8":{"start":{"line":15,"column":0},"end":{"line":15,"column":84}},"9":{"start":{"line":15,"column":44},"end":{"line":15,"column":82}},"10":{"start":{"line":17,"column":0},"end":{"line":17,"column":92}},"11":{"start":{"line":17,"column":48},"end":{"line":17,"column":90}},"12":{"start":{"line":19,"column":0},"end":{"line":19,"column":89}},"13":{"start":{"line":19,"column":41},"end":{"line":19,"column":87}},"14":{"start":{"line":21,"column":0},"end":{"line":21,"column":97}},"15":{"start":{"line":21,"column":45},"end":{"line":21,"column":95}},"16":{"start":{"line":23,"column":0},"end":{"line":23,"column":77}},"17":{"start":{"line":23,"column":33},"end":{"line":23,"column":75}},"18":{"start":{"line":25,"column":0},"end":{"line":25,"column":90}},"19":{"start":{"line":25,"column":42},"end":{"line":25,"column":88}},"20":{"start":{"line":27,"column":0},"end":{"line":27,"column":22}}},"fnMap":{"0":{"name":"(anonymous_0)","decl":{"start":{"line":11,"column":29},"end":{"line":11,"column":30}},"loc":{"start":{"line":11,"column":43},"end":{"line":11,"column":82}}},"1":{"name":"(anonymous_1)","decl":{"start":{"line":13,"column":33},"end":{"line":13,"column":34}},"loc":{"start":{"line":13,"column":47},"end":{"line":13,"column":90}}},"2":{"name":"(anonymous_2)","decl":{"start":{"line":15,"column":30},"end":{"line":15,"column":31}},"loc":{"start":{"line":15,"column":44},"end":{"line":15,"column":82}}},"3":{"name":"(anonymous_3)","decl":{"start":{"line":17,"column":34},"end":{"line":17,"column":35}},"loc":{"start":{"line":17,"column":48},"end":{"line":17,"column":90}}},"4":{"name":"(anonymous_4)","decl":{"start":{"line":19,"column":27},"end":{"line":19,"column":28}},"loc":{"start":{"line":19,"column":41},"end":{"line":19,"column":87}}},"5":{"name":"(anonymous_5)","decl":{"start":{"line":21,"column":31},"end":{"line":21,"column":32}},"loc":{"start":{"line":21,"column":45},"end":{"line":21,"column":95}}},"6":{"name":"(anonymous_6)","decl":{"start":{"line":23,"column":19},"end":{"line":23,"column":20}},"loc":{"start":{"line":23,"column":33},"end":{"line":23,"column":75}}},"7":{"name":"(anonymous_7)","decl":{"start":{"line":25,"column":28},"end":{"line":25,"column":29}},"loc":{"start":{"line":25,"column":42},"end":{"line":25,"column":88}}}},"branchMap":{},"s":{"0":7,"1":7,"2":7,"3":7,"4":7,"5":0,"6":7,"7":0,"8":7,"9":0,"10":7,"11":0,"12":7,"13":0,"14":7,"15":0,"16":7,"17":0,"18":7,"19":0,"20":7},"f":{"0":0,"1":0,"2":0,"3":0,"4":0,"5":0,"6":0,"7":0},"b":{}}
,"D:\\PROGRAMACAO\\Pets_API\\src\\routes\\petRoutes.ts": {"path":"D:\\PROGRAMACAO\\Pets_API\\src\\routes\\petRoutes.ts","statementMap":{"0":{"start":{"line":3,"column":0},"end":{"line":3,"column":33}},"1":{"start":{"line":4,"column":0},"end":{"line":4,"column":61}},"2":{"start":{"line":7,"column":15},"end":{"line":7,"column":23}},"3":{"start":{"line":10,"column":22},"end":{"line":10,"column":41}},"4":{"start":{"line":13,"column":0},"end":{"line":13,"column":66}},"5":{"start":{"line":13,"column":30},"end":{"line":13,"column":64}},"6":{"start":{"line":16,"column":0},"end":{"line":16,"column":65}},"7":{"start":{"line":16,"column":31},"end":{"line":16,"column":63}},"8":{"start":{"line":19,"column":0},"end":{"line":19,"column":73}},"9":{"start":{"line":19,"column":33},"end":{"line":19,"column":71}},"10":{"start":{"line":22,"column":0},"end":{"line":22,"column":73}},"11":{"start":{"line":22,"column":35},"end":{"line":22,"column":71}},"12":{"start":{"line":25,"column":0},"end":{"line":25,"column":72}},"13":{"start":{"line":25,"column":36},"end":{"line":25,"column":70}},"14":{"start":{"line":27,"column":0},"end":{"line":27,"column":22}}},"fnMap":{"0":{"name":"(anonymous_0)","decl":{"start":{"line":13,"column":16},"end":{"line":13,"column":17}},"loc":{"start":{"line":13,"column":30},"end":{"line":13,"column":64}}},"1":{"name":"(anonymous_1)","decl":{"start":{"line":16,"column":17},"end":{"line":16,"column":18}},"loc":{"start":{"line":16,"column":31},"end":{"line":16,"column":63}}},"2":{"name":"(anonymous_2)","decl":{"start":{"line":19,"column":19},"end":{"line":19,"column":20}},"loc":{"start":{"line":19,"column":33},"end":{"line":19,"column":71}}},"3":{"name":"(anonymous_3)","decl":{"start":{"line":22,"column":21},"end":{"line":22,"column":22}},"loc":{"start":{"line":22,"column":35},"end":{"line":22,"column":71}}},"4":{"name":"(anonymous_4)","decl":{"start":{"line":25,"column":22},"end":{"line":25,"column":23}},"loc":{"start":{"line":25,"column":36},"end":{"line":25,"column":70}}}},"branchMap":{},"s":{"0":7,"1":7,"2":7,"3":7,"4":7,"5":0,"6":7,"7":2,"8":7,"9":3,"10":7,"11":2,"12":7,"13":3,"14":7},"f":{"0":0,"1":2,"2":3,"3":2,"4":3},"b":{}}
,"D:\\PROGRAMACAO\\Pets_API\\src\\routes\\resgateRoutes.ts": {"path":"D:\\PROGRAMACAO\\Pets_API\\src\\routes\\resgateRoutes.ts","statementMap":{"0":{"start":{"line":3,"column":0},"end":{"line":3,"column":30}},"1":{"start":{"line":4,"column":0},"end":{"line":4,"column":69}},"2":{"start":{"line":7,"column":15},"end":{"line":7,"column":31}},"3":{"start":{"line":10,"column":26},"end":{"line":10,"column":49}},"4":{"start":{"line":13,"column":0},"end":{"line":13,"column":60}},"5":{"start":{"line":15,"column":0},"end":{"line":15,"column":22}}},"fnMap":{},"branchMap":{},"s":{"0":7,"1":7,"2":7,"3":7,"4":7,"5":7},"f":{},"b":{}}
,"D:\\PROGRAMACAO\\Pets_API\\src\\routes\\usuarioRoutes.ts": {"path":"D:\\PROGRAMACAO\\Pets_API\\src\\routes\\usuarioRoutes.ts","statementMap":{"0":{"start":{"line":3,"column":0},"end":{"line":3,"column":33}},"1":{"start":{"line":4,"column":0},"end":{"line":4,"column":69}},"2":{"start":{"line":7,"column":15},"end":{"line":7,"column":23}},"3":{"start":{"line":10,"column":26},"end":{"line":10,"column":49}},"4":{"start":{"line":13,"column":0},"end":{"line":13,"column":73}},"5":{"start":{"line":13,"column":31},"end":{"line":13,"column":71}},"6":{"start":{"line":16,"column":0},"end":{"line":16,"column":71}},"7":{"start":{"line":16,"column":36},"end":{"line":16,"column":69}},"8":{"start":{"line":19,"column":0},"end":{"line":19,"column":81}},"9":{"start":{"line":19,"column":33},"end":{"line":19,"column":79}},"10":{"start":{"line":22,"column":0},"end":{"line":22,"column":81}},"11":{"start":{"line":22,"column":35},"end":{"line":22,"column":79}},"12":{"start":{"line":25,"column":0},"end":{"line":25,"column":80}},"13":{"start":{"line":25,"column":36},"end":{"line":25,"column":78}},"14":{"start":{"line":27,"column":0},"end":{"line":27,"column":22}}},"fnMap":{"0":{"name":"(anonymous_0)","decl":{"start":{"line":13,"column":17},"end":{"line":13,"column":18}},"loc":{"start":{"line":13,"column":31},"end":{"line":13,"column":71}}},"1":{"name":"(anonymous_1)","decl":{"start":{"line":16,"column":22},"end":{"line":16,"column":23}},"loc":{"start":{"line":16,"column":36},"end":{"line":16,"column":69}}},"2":{"name":"(anonymous_2)","decl":{"start":{"line":19,"column":19},"end":{"line":19,"column":20}},"loc":{"start":{"line":19,"column":33},"end":{"line":19,"column":79}}},"3":{"name":"(anonymous_3)","decl":{"start":{"line":22,"column":21},"end":{"line":22,"column":22}},"loc":{"start":{"line":22,"column":35},"end":{"line":22,"column":79}}},"4":{"name":"(anonymous_4)","decl":{"start":{"line":25,"column":22},"end":{"line":25,"column":23}},"loc":{"start":{"line":25,"column":36},"end":{"line":25,"column":78}}}},"branchMap":{},"s":{"0":7,"1":7,"2":7,"3":7,"4":7,"5":3,"6":7,"7":2,"8":7,"9":0,"10":7,"11":0,"12":7,"13":0,"14":7},"f":{"0":3,"1":2,"2":0,"3":0,"4":0},"b":{}}
}
