TN:
SF:knexfile.ts
FNF:0
FNH:0
DA:2,13
DA:3,13
DA:4,13
DA:6,13
DA:7,13
DA:8,13
DA:9,13
DA:11,0
DA:14,13
DA:96,13
LF:10
LH:9
BRDA:6,0,0,13
BRDA:6,0,1,0
BRDA:8,1,0,13
BRDA:8,1,1,0
BRDA:18,2,0,13
BRDA:18,2,1,13
BRDA:19,3,0,13
BRDA:19,3,1,13
BRDA:20,4,0,13
BRDA:20,4,1,13
BRDA:21,5,0,13
BRDA:21,5,1,13
BRDA:22,6,0,13
BRDA:22,6,1,13
BRDA:41,7,0,13
BRDA:41,7,1,0
BRDA:41,7,2,0
BRDA:42,8,0,13
BRDA:42,8,1,0
BRDA:42,9,0,13
BRDA:42,9,1,0
BRDA:43,10,0,13
BRDA:43,10,1,0
BRDA:43,10,2,0
BRDA:44,11,0,13
BRDA:44,11,1,0
BRDA:44,11,2,0
BRDA:45,12,0,13
BRDA:45,12,1,0
BRDA:62,13,0,13
BRDA:62,13,1,13
BRDA:63,14,0,13
BRDA:63,14,1,13
BRDA:64,15,0,13
BRDA:64,15,1,13
BRDA:65,16,0,13
BRDA:65,16,1,13
BRDA:66,17,0,13
BRDA:66,17,1,13
BRDA:80,18,0,13
BRDA:80,18,1,13
BRDA:81,19,0,13
BRDA:81,19,1,13
BRDA:82,20,0,13
BRDA:82,20,1,13
BRDA:83,21,0,13
BRDA:83,21,1,13
BRDA:84,22,0,13
BRDA:84,22,1,13
BRF:49
BRH:38
end_of_record
TN:
SF:src\app.ts
FN:22,(anonymous_1)
FNF:1
FNH:0
FNDA:0,(anonymous_1)
DA:4,7
DA:5,7
DA:6,7
DA:7,7
DA:8,7
DA:9,7
DA:10,7
DA:11,7
DA:12,7
DA:13,7
DA:14,7
DA:16,7
DA:18,7
DA:20,7
DA:22,7
DA:23,0
DA:24,0
DA:25,0
DA:27,0
DA:28,0
DA:33,7
DA:34,7
DA:35,7
DA:36,7
DA:37,7
DA:38,7
DA:39,7
DA:40,7
LF:28
LH:23
BRF:0
BRH:0
end_of_record
TN:
SF:src\db.ts
FNF:0
FNH:0
DA:1,13
DA:2,13
DA:4,13
DA:6,13
DA:8,13
LF:5
LH:5
BRDA:4,0,0,13
BRDA:4,0,1,0
BRF:2
BRH:1
end_of_record
TN:
SF:src\business\adocaoBusiness.ts
FN:9,(anonymous_1)
FN:25,(anonymous_2)
FN:30,(anonymous_3)
FN:61,(anonymous_4)
FNF:4
FNH:4
FNDA:4,(anonymous_1)
FNDA:3,(anonymous_2)
FNDA:5,(anonymous_3)
FNDA:1,(anonymous_4)
DA:4,8
DA:7,8
DA:10,4
DA:12,4
DA:13,3
DA:16,1
DA:26,3
DA:35,5
DA:37,5
DA:38,3
DA:45,2
DA:61,2
DA:72,2
LF:13
LH:13
BRDA:12,0,0,3
BRDA:12,0,1,1
BRDA:20,1,0,1
BRDA:20,1,1,1
BRDA:37,2,0,3
BRDA:37,2,1,2
BRDA:64,3,0,1
BRDA:64,3,1,0
BRDA:65,4,0,1
BRDA:65,4,1,0
BRDA:68,5,0,1
BRDA:68,5,1,0
BRDA:69,6,0,1
BRDA:69,6,1,0
BRF:14
BRH:10
end_of_record
TN:
SF:src\business\doacaoBusiness.ts
FN:9,(anonymous_1)
FN:66,(anonymous_2)
FN:99,(anonymous_3)
FNF:3
FNH:3
FNDA:2,(anonymous_1)
FNDA:2,(anonymous_2)
FNDA:1,(anonymous_3)
DA:4,8
DA:7,8
DA:10,2
DA:13,2
DA:15,2
DA:16,1
DA:20,1
DA:22,1
DA:23,0
DA:27,1
DA:29,1
DA:30,0
DA:34,1
DA:47,1
DA:52,1
DA:54,1
DA:71,2
DA:73,2
DA:74,1
DA:81,1
DA:99,1
DA:111,1
LF:22
LH:20
BRDA:15,0,0,1
BRDA:15,0,1,1
BRDA:22,1,0,0
BRDA:22,1,1,1
BRDA:29,2,0,0
BRDA:29,2,1,1
BRDA:40,3,0,1
BRDA:40,3,1,1
BRDA:47,4,0,1
BRDA:47,4,1,0
BRDA:47,5,0,1
BRDA:47,5,1,1
BRDA:47,5,2,1
BRDA:73,6,0,1
BRDA:73,6,1,1
BRDA:102,7,0,1
BRDA:102,7,1,0
BRDA:105,8,0,1
BRDA:105,8,1,0
BRDA:108,9,0,1
BRDA:108,9,1,0
BRF:21
BRH:15
end_of_record
TN:
SF:src\business\enderecoBusiness.ts
FN:7,(anonymous_1)
FN:10,(anonymous_2)
FN:24,(anonymous_3)
FN:63,(anonymous_4)
FN:82,(anonymous_5)
FN:100,(anonymous_6)
FNF:6
FNH:6
FNDA:1,(anonymous_1)
FNDA:1,(anonymous_2)
FNDA:2,(anonymous_3)
FNDA:2,(anonymous_4)
FNDA:1,(anonymous_5)
FNDA:3,(anonymous_6)
DA:3,8
DA:6,8
DA:8,1
DA:10,1
DA:25,2
DA:28,2
DA:40,2
DA:43,2
DA:45,2
DA:47,2
DA:49,2
DA:64,2
DA:66,2
DA:68,1
DA:83,1
DA:84,1
DA:85,1
DA:86,1
DA:87,1
DA:88,1
DA:89,1
DA:90,1
DA:91,1
DA:92,1
DA:94,1
DA:96,1
DA:97,1
DA:101,3
DA:102,3
DA:104,3
DA:105,2
DA:108,1
DA:109,1
LF:33
LH:33
BRDA:30,0,0,2
BRDA:30,0,1,0
BRDA:31,1,0,2
BRDA:31,1,1,2
BRDA:35,2,0,2
BRDA:35,2,1,0
BRDA:36,3,0,2
BRDA:36,3,1,1
BRDA:37,4,0,2
BRDA:37,4,1,1
BRDA:40,5,0,0
BRDA:40,5,1,2
BRDA:43,6,0,2
BRDA:43,6,1,0
BRDA:47,7,0,0
BRDA:47,7,1,2
BRDA:66,8,0,1
BRDA:66,8,1,1
BRDA:84,9,0,1
BRDA:84,9,1,0
BRDA:85,10,0,0
BRDA:85,10,1,1
BRDA:85,11,0,0
BRDA:85,11,1,0
BRDA:86,12,0,0
BRDA:86,12,1,1
BRDA:86,13,0,0
BRDA:86,13,1,0
BRDA:87,14,0,0
BRDA:87,14,1,1
BRDA:88,15,0,0
BRDA:88,15,1,1
BRDA:89,16,0,0
BRDA:89,16,1,1
BRDA:90,17,0,0
BRDA:90,17,1,1
BRDA:90,18,0,0
BRDA:90,18,1,0
BRDA:91,19,0,0
BRDA:91,19,1,1
BRDA:91,20,0,0
BRDA:91,20,1,0
BRDA:92,21,0,0
BRDA:92,21,1,1
BRDA:92,22,0,0
BRDA:92,22,1,0
BRDA:94,23,0,0
BRDA:94,23,1,1
BRDA:104,24,0,2
BRDA:104,24,1,1
BRDA:104,25,0,3
BRDA:104,25,1,2
BRF:52
BRH:27
end_of_record
TN:
SF:src\business\instituicaoBusiness.ts
FN:9,(anonymous_1)
FN:12,(anonymous_2)
FN:26,(anonymous_3)
FN:75,(anonymous_4)
FN:96,(anonymous_5)
FN:169,(anonymous_6)
FNF:6
FNH:6
FNDA:2,(anonymous_1)
FNDA:4,(anonymous_2)
FNDA:6,(anonymous_3)
FNDA:4,(anonymous_4)
FNDA:6,(anonymous_5)
FNDA:3,(anonymous_6)
DA:4,8
DA:7,8
DA:10,2
DA:12,4
DA:27,6
DA:30,6
DA:32,6
DA:33,2
DA:37,4
DA:38,4
DA:40,4
DA:41,1
DA:45,3
DA:57,3
DA:58,0
DA:61,3
DA:76,4
DA:78,4
DA:79,2
DA:82,2
DA:108,6
DA:110,6
DA:111,2
DA:114,6
DA:115,2
DA:120,2
DA:121,1
DA:124,1
DA:127,5
DA:128,1
DA:129,1
DA:134,1
DA:135,1
DA:138,0
DA:141,4
DA:142,0
DA:145,4
DA:146,0
DA:149,4
DA:150,0
DA:153,4
DA:154,0
DA:157,4
DA:158,1
DA:161,3
DA:165,3
DA:170,3
DA:172,3
LF:48
LH:42
BRDA:32,0,0,2
BRDA:32,0,1,4
BRDA:37,1,0,4
BRDA:37,1,1,0
BRDA:40,2,0,1
BRDA:40,2,1,3
BRDA:49,3,0,3
BRDA:49,3,1,0
BRDA:50,4,0,3
BRDA:50,4,1,2
BRDA:51,5,0,3
BRDA:51,5,1,3
BRDA:52,6,0,3
BRDA:52,6,1,3
BRDA:53,7,0,3
BRDA:53,7,1,3
BRDA:57,8,0,0
BRDA:57,8,1,3
BRDA:78,9,0,2
BRDA:78,9,1,2
BRDA:110,10,0,2
BRDA:110,10,1,4
BRDA:114,11,0,2
BRDA:114,11,1,4
BRDA:120,12,0,1
BRDA:120,12,1,1
BRDA:127,13,0,1
BRDA:127,13,1,4
BRDA:128,14,0,1
BRDA:128,14,1,0
BRDA:134,15,0,1
BRDA:134,15,1,0
BRDA:138,16,0,0
BRDA:138,16,1,0
BRDA:141,17,0,0
BRDA:141,17,1,4
BRDA:142,18,0,0
BRDA:142,18,1,0
BRDA:145,19,0,0
BRDA:145,19,1,4
BRDA:146,20,0,0
BRDA:146,20,1,0
BRDA:149,21,0,0
BRDA:149,21,1,4
BRDA:150,22,0,0
BRDA:150,22,1,0
BRDA:153,23,0,0
BRDA:153,23,1,4
BRDA:154,24,0,0
BRDA:154,24,1,0
BRDA:157,25,0,1
BRDA:157,25,1,3
BRF:52
BRH:33
end_of_record
TN:
SF:src\business\matchBusiness.ts
FN:7,(anonymous_1)
FN:12,(anonymous_2)
FN:19,(anonymous_3)
FN:46,(anonymous_4)
FN:65,(anonymous_5)
FN:75,(anonymous_6)
FN:85,(anonymous_7)
FN:92,(anonymous_8)
FN:110,(anonymous_9)
FN:120,(anonymous_10)
FN:180,(anonymous_11)
FN:237,(anonymous_12)
FN:262,(anonymous_13)
FN:280,(anonymous_14)
FN:305,(anonymous_15)
FN:323,(anonymous_16)
FN:378,(anonymous_17)
FNF:17
FNH:0
FNDA:0,(anonymous_1)
FNDA:0,(anonymous_2)
FNDA:0,(anonymous_3)
FNDA:0,(anonymous_4)
FNDA:0,(anonymous_5)
FNDA:0,(anonymous_6)
FNDA:0,(anonymous_7)
FNDA:0,(anonymous_8)
FNDA:0,(anonymous_9)
FNDA:0,(anonymous_10)
FNDA:0,(anonymous_11)
FNDA:0,(anonymous_12)
FNDA:0,(anonymous_13)
FNDA:0,(anonymous_14)
FNDA:0,(anonymous_15)
FNDA:0,(anonymous_16)
FNDA:0,(anonymous_17)
DA:3,7
DA:6,7
DA:8,0
DA:12,0
DA:14,0
DA:20,0
DA:46,0
DA:66,0
DA:67,0
DA:68,0
DA:71,0
DA:76,0
DA:85,0
DA:87,0
DA:88,0
DA:91,0
DA:93,0
DA:110,0
DA:121,0
DA:122,0
DA:123,0
DA:126,0
DA:127,0
DA:130,0
DA:134,0
DA:135,0
DA:138,0
DA:144,0
DA:145,0
DA:154,0
DA:155,0
DA:162,0
DA:163,0
DA:166,0
DA:174,0
DA:181,0
DA:182,0
DA:183,0
DA:186,0
DA:191,0
DA:192,0
DA:195,0
DA:201,0
DA:202,0
DA:211,0
DA:212,0
DA:219,0
DA:220,0
DA:223,0
DA:231,0
DA:238,0
DA:262,0
DA:281,0
DA:305,0
DA:324,0
DA:330,0
DA:331,0
DA:333,0
DA:334,0
DA:337,0
DA:356,0
DA:357,0
DA:360,0
DA:379,0
DA:381,0
DA:382,0
DA:384,0
DA:385,0
DA:388,0
DA:393,0
LF:70
LH:2
BRDA:7,0,0,0
BRDA:18,1,0,0
BRDA:18,1,1,0
BRDA:65,2,0,0
BRDA:67,3,0,0
BRDA:67,3,1,0
BRDA:87,4,0,0
BRDA:87,4,1,0
BRDA:116,5,0,0
BRDA:116,5,1,0
BRDA:122,6,0,0
BRDA:122,6,1,0
BRDA:126,7,0,0
BRDA:126,7,1,0
BRDA:126,8,0,0
BRDA:126,8,1,0
BRDA:134,9,0,0
BRDA:134,9,1,0
BRDA:144,10,0,0
BRDA:144,10,1,0
BRDA:154,11,0,0
BRDA:154,11,1,0
BRDA:162,12,0,0
BRDA:162,12,1,0
BRDA:176,13,0,0
BRDA:176,13,1,0
BRDA:182,14,0,0
BRDA:182,14,1,0
BRDA:191,15,0,0
BRDA:191,15,1,0
BRDA:201,16,0,0
BRDA:201,16,1,0
BRDA:211,17,0,0
BRDA:211,17,1,0
BRDA:219,18,0,0
BRDA:219,18,1,0
BRDA:233,19,0,0
BRDA:233,19,1,0
BRDA:330,20,0,0
BRDA:330,20,1,0
BRDA:333,21,0,0
BRDA:333,21,1,0
BRDA:356,22,0,0
BRDA:356,22,1,0
BRDA:381,23,0,0
BRDA:381,23,1,0
BRDA:384,24,0,0
BRDA:384,24,1,0
BRF:48
BRH:0
end_of_record
TN:
SF:src\business\petBusiness.ts
FN:9,(anonymous_1)
FN:12,(anonymous_2)
FN:26,(anonymous_3)
FN:61,(anonymous_4)
FN:82,(anonymous_5)
FN:96,(anonymous_6)
FNF:6
FNH:6
FNDA:1,(anonymous_1)
FNDA:1,(anonymous_2)
FNDA:2,(anonymous_3)
FNDA:4,(anonymous_4)
FNDA:3,(anonymous_5)
FNDA:4,(anonymous_6)
DA:4,8
DA:7,8
DA:10,1
DA:12,1
DA:27,2
DA:30,2
DA:43,1
DA:45,1
DA:55,1
DA:57,1
DA:62,4
DA:64,4
DA:65,2
DA:68,2
DA:83,3
DA:85,3
DA:86,3
DA:87,3
DA:89,3
DA:91,2
DA:92,2
DA:97,4
DA:98,4
LF:23
LH:23
BRDA:35,0,0,2
BRDA:35,0,1,2
BRDA:36,1,0,2
BRDA:36,1,1,2
BRDA:37,2,0,2
BRDA:37,2,1,2
BRDA:38,3,0,2
BRDA:38,3,1,2
BRDA:43,4,0,1
BRDA:43,4,1,0
BRDA:50,5,0,1
BRDA:50,5,1,1
BRDA:51,6,0,1
BRDA:51,6,1,1
BRDA:52,7,0,1
BRDA:52,7,1,1
BRDA:55,8,0,0
BRDA:55,8,1,1
BRDA:64,9,0,2
BRDA:64,9,1,2
BRDA:85,10,0,2
BRDA:85,10,1,1
BRDA:86,11,0,0
BRDA:86,11,1,3
BRDA:87,12,0,0
BRDA:87,12,1,3
BRDA:89,13,0,1
BRDA:89,13,1,2
BRF:28
BRH:24
end_of_record
TN:
SF:src\business\resgateBusiness.ts
FN:8,(anonymous_1)
FNF:1
FNH:1
FNDA:2,(anonymous_1)
DA:3,7
DA:6,7
DA:10,2
DA:15,2
DA:18,2
LF:5
LH:5
BRDA:11,0,0,2
BRDA:11,0,1,0
BRDA:12,1,0,2
BRDA:12,1,1,1
BRDA:15,2,0,2
BRDA:15,2,1,0
BRF:6
BRH:4
end_of_record
TN:
SF:src\business\usuarioBusiness.ts
FN:14,(anonymous_1)
FN:40,(anonymous_2)
FN:72,(anonymous_3)
FN:87,(anonymous_4)
FN:119,(anonymous_5)
FNF:5
FNH:2
FNDA:4,(anonymous_1)
FNDA:4,(anonymous_2)
FNDA:0,(anonymous_3)
FNDA:0,(anonymous_4)
FNDA:0,(anonymous_5)
DA:4,8
DA:5,8
DA:6,8
DA:10,8
DA:12,8
DA:15,4
DA:17,4
DA:19,4
DA:20,1
DA:23,3
DA:25,3
DA:31,3
DA:33,3
DA:36,3
DA:41,4
DA:43,4
DA:45,4
DA:46,0
DA:49,4
DA:51,4
DA:52,2
DA:55,2
DA:61,2
DA:68,2
DA:73,0
DA:75,0
DA:76,0
DA:79,0
DA:88,0
DA:90,0
DA:91,0
DA:94,0
DA:95,0
DA:100,0
DA:101,0
DA:104,0
DA:107,0
DA:108,0
DA:111,0
DA:115,0
DA:120,0
DA:123,0
LF:42
LH:23
BRDA:10,0,0,8
BRDA:10,0,1,8
BRDA:19,1,0,1
BRDA:19,1,1,3
BRDA:45,2,0,0
BRDA:45,2,1,4
BRDA:51,3,0,2
BRDA:51,3,1,2
BRDA:75,4,0,0
BRDA:75,4,1,0
BRDA:90,5,0,0
BRDA:90,5,1,0
BRDA:94,6,0,0
BRDA:94,6,1,0
BRDA:100,7,0,0
BRDA:100,7,1,0
BRDA:107,8,0,0
BRDA:107,8,1,0
BRF:18
BRH:7
end_of_record
TN:
SF:src\controllers\adocaoController.ts
FN:12,(anonymous_0)
FN:29,(anonymous_1)
FN:52,(anonymous_2)
FNF:3
FNH:3
FNDA:4,(anonymous_0)
FNDA:4,(anonymous_1)
FNDA:3,(anonymous_2)
DA:5,7
DA:8,7
DA:10,7
DA:13,4
DA:14,4
DA:16,4
DA:17,2
DA:20,2
DA:22,0
DA:24,2
DA:30,4
DA:31,4
DA:32,4
DA:34,4
DA:36,4
DA:37,2
DA:40,2
DA:42,2
DA:44,0
DA:46,0
DA:47,0
DA:53,3
DA:54,3
DA:57,3
DA:58,0
DA:61,3
DA:63,3
DA:64,0
DA:68,3
DA:71,3
DA:72,2
DA:76,1
DA:78,0
DA:79,0
LF:34
LH:26
BRDA:16,0,0,2
BRDA:16,0,1,2
BRDA:16,1,0,4
BRDA:16,1,1,4
BRDA:36,2,0,2
BRDA:36,2,1,2
BRDA:42,3,0,2
BRDA:42,3,1,0
BRDA:57,4,0,0
BRDA:57,4,1,3
BRDA:63,5,0,0
BRDA:63,5,1,3
BRDA:71,6,0,2
BRDA:71,6,1,1
BRF:14
BRH:11
end_of_record
TN:
SF:src\controllers\doacaoController.ts
FN:12,(anonymous_0)
FN:53,(anonymous_1)
FNF:2
FNH:0
FNDA:0,(anonymous_0)
FNDA:0,(anonymous_1)
DA:5,7
DA:8,7
DA:10,7
DA:13,0
DA:14,0
DA:17,0
DA:18,0
DA:21,0
DA:23,0
DA:24,0
DA:28,0
DA:37,0
DA:42,0
DA:44,0
DA:45,0
DA:48,0
DA:54,0
DA:55,0
DA:58,0
DA:59,0
DA:62,0
DA:64,0
DA:65,0
DA:69,0
DA:72,0
DA:73,0
DA:77,0
DA:79,0
DA:80,0
LF:29
LH:3
BRDA:17,0,0,0
BRDA:17,0,1,0
BRDA:17,1,0,0
BRDA:17,1,1,0
BRDA:17,1,2,0
BRDA:17,1,3,0
BRDA:23,2,0,0
BRDA:23,2,1,0
BRDA:23,3,0,0
BRDA:23,3,1,0
BRDA:44,4,0,0
BRDA:44,4,1,0
BRDA:44,5,0,0
BRDA:44,5,1,0
BRDA:44,5,2,0
BRDA:58,6,0,0
BRDA:58,6,1,0
BRDA:64,7,0,0
BRDA:64,7,1,0
BRDA:72,8,0,0
BRDA:72,8,1,0
BRF:21
BRH:0
end_of_record
TN:
SF:src\controllers\enderecoController.ts
FN:11,(anonymous_0)
FN:23,(anonymous_1)
FN:62,(anonymous_2)
FN:92,(anonymous_3)
FN:138,(anonymous_4)
FNF:5
FNH:4
FNDA:0,(anonymous_0)
FNDA:2,(anonymous_1)
FNDA:2,(anonymous_2)
FNDA:2,(anonymous_3)
FNDA:3,(anonymous_4)
DA:4,7
DA:7,7
DA:9,7
DA:12,0
DA:13,0
DA:15,0
DA:17,0
DA:18,0
DA:24,2
DA:25,2
DA:27,2
DA:28,1
DA:29,1
DA:32,1
DA:33,0
DA:34,0
DA:37,1
DA:49,1
DA:51,0
DA:53,0
DA:54,0
DA:56,0
DA:63,2
DA:64,2
DA:66,2
DA:67,0
DA:68,0
DA:71,2
DA:73,2
DA:74,0
DA:75,0
DA:78,2
DA:80,2
DA:81,1
DA:83,1
DA:86,0
DA:87,0
DA:93,2
DA:94,2
DA:95,2
DA:97,2
DA:98,0
DA:99,0
DA:102,2
DA:103,1
DA:104,1
DA:107,1
DA:109,1
DA:110,0
DA:111,0
DA:114,1
DA:126,1
DA:127,1
DA:129,0
DA:132,0
DA:133,0
DA:139,3
DA:140,3
DA:142,3
DA:143,0
DA:144,0
DA:147,3
DA:149,3
DA:150,0
DA:151,0
DA:154,3
DA:156,1
DA:157,1
DA:159,0
DA:162,2
DA:164,2
DA:165,2
DA:167,0
LF:73
LH:43
BRDA:27,0,0,1
BRDA:27,0,1,1
BRDA:27,1,0,2
BRDA:27,1,1,2
BRDA:27,1,2,1
BRDA:27,1,3,1
BRDA:32,2,0,0
BRDA:32,2,1,1
BRDA:32,3,0,1
BRDA:32,3,1,1
BRDA:53,4,0,0
BRDA:53,4,1,0
BRDA:53,5,0,0
BRDA:53,5,1,0
BRDA:66,6,0,0
BRDA:66,6,1,2
BRDA:73,7,0,0
BRDA:73,7,1,2
BRDA:80,8,0,1
BRDA:80,8,1,1
BRDA:97,9,0,0
BRDA:97,9,1,2
BRDA:102,10,0,1
BRDA:102,10,1,1
BRDA:102,11,0,2
BRDA:102,11,1,1
BRDA:109,12,0,0
BRDA:109,12,1,1
BRDA:126,13,0,1
BRDA:126,13,1,0
BRDA:142,14,0,0
BRDA:142,14,1,3
BRDA:149,15,0,0
BRDA:149,15,1,3
BRDA:156,16,0,1
BRDA:156,16,1,0
BRDA:164,17,0,2
BRDA:164,17,1,0
BRF:38
BRH:24
end_of_record
TN:
SF:src\controllers\instituicaoController.ts
FN:11,(anonymous_0)
FN:23,(anonymous_1)
FN:57,(anonymous_2)
FN:89,(anonymous_3)
FN:136,(anonymous_4)
FNF:5
FNH:5
FNDA:1,(anonymous_0)
FNDA:3,(anonymous_1)
FNDA:2,(anonymous_2)
FNDA:2,(anonymous_3)
FNDA:1,(anonymous_4)
DA:4,7
DA:7,7
DA:9,7
DA:12,1
DA:13,1
DA:15,1
DA:17,0
DA:18,0
DA:24,3
DA:25,3
DA:27,3
DA:28,0
DA:29,0
DA:32,3
DA:42,2
DA:44,1
DA:46,1
DA:47,1
DA:48,0
DA:49,0
DA:51,0
DA:58,2
DA:59,2
DA:61,2
DA:62,0
DA:63,0
DA:66,2
DA:68,2
DA:69,0
DA:70,0
DA:73,2
DA:75,2
DA:76,1
DA:79,1
DA:83,0
DA:84,0
DA:90,2
DA:91,2
DA:92,2
DA:94,2
DA:95,0
DA:96,0
DA:99,2
DA:101,2
DA:102,0
DA:103,0
DA:106,2
DA:116,2
DA:117,0
DA:119,2
DA:122,0
DA:124,0
DA:128,0
DA:130,0
DA:137,1
DA:138,1
DA:140,1
DA:141,0
DA:142,0
DA:145,1
DA:147,1
DA:148,0
DA:149,0
DA:152,1
DA:154,1
DA:155,0
DA:157,1
DA:160,0
DA:161,0
LF:69
LH:40
BRDA:27,0,0,0
BRDA:27,0,1,3
BRDA:27,1,0,3
BRDA:27,1,1,3
BRDA:46,2,0,1
BRDA:46,2,1,0
BRDA:46,3,0,1
BRDA:46,3,1,0
BRDA:48,4,0,0
BRDA:48,4,1,0
BRDA:48,5,0,0
BRDA:48,5,1,0
BRDA:61,6,0,0
BRDA:61,6,1,2
BRDA:68,7,0,0
BRDA:68,7,1,2
BRDA:75,8,0,1
BRDA:75,8,1,1
BRDA:84,9,0,0
BRDA:84,9,1,0
BRDA:94,10,0,0
BRDA:94,10,1,2
BRDA:101,11,0,0
BRDA:101,11,1,2
BRDA:116,12,0,0
BRDA:116,12,1,2
BRDA:124,13,0,0
BRDA:124,13,1,0
BRDA:125,14,0,0
BRDA:125,14,1,0
BRDA:140,15,0,0
BRDA:140,15,1,1
BRDA:147,16,0,0
BRDA:147,16,1,1
BRDA:154,17,0,0
BRDA:154,17,1,1
BRF:36
BRH:15
end_of_record
TN:
SF:src\controllers\matchController.ts
FN:11,(anonymous_0)
FN:35,(anonymous_1)
FN:61,(anonymous_2)
FN:97,(anonymous_3)
FN:134,(anonymous_4)
FN:157,(anonymous_5)
FN:180,(anonymous_6)
FN:212,(anonymous_7)
FNF:8
FNH:0
FNDA:0,(anonymous_0)
FNDA:0,(anonymous_1)
FNDA:0,(anonymous_2)
FNDA:0,(anonymous_3)
FNDA:0,(anonymous_4)
FNDA:0,(anonymous_5)
FNDA:0,(anonymous_6)
FNDA:0,(anonymous_7)
DA:5,7
DA:8,7
DA:10,7
DA:12,0
DA:13,0
DA:14,0
DA:16,0
DA:17,0
DA:18,0
DA:21,0
DA:22,0
DA:23,0
DA:24,0
DA:27,0
DA:28,0
DA:30,0
DA:31,0
DA:36,0
DA:37,0
DA:38,0
DA:40,0
DA:41,0
DA:42,0
DA:45,0
DA:46,0
DA:48,0
DA:49,0
DA:50,0
DA:53,0
DA:54,0
DA:56,0
DA:57,0
DA:62,0
DA:63,0
DA:65,0
DA:66,0
DA:67,0
DA:70,0
DA:71,0
DA:72,0
DA:75,0
DA:76,0
DA:78,0
DA:79,0
DA:80,0
DA:83,0
DA:84,0
DA:86,0
DA:87,0
DA:88,0
DA:89,0
DA:90,0
DA:92,0
DA:98,0
DA:99,0
DA:101,0
DA:102,0
DA:103,0
DA:106,0
DA:107,0
DA:108,0
DA:111,0
DA:112,0
DA:113,0
DA:115,0
DA:116,0
DA:117,0
DA:120,0
DA:121,0
DA:123,0
DA:124,0
DA:125,0
DA:126,0
DA:127,0
DA:129,0
DA:135,0
DA:136,0
DA:138,0
DA:139,0
DA:140,0
DA:143,0
DA:144,0
DA:145,0
DA:146,0
DA:149,0
DA:150,0
DA:152,0
DA:153,0
DA:158,0
DA:159,0
DA:161,0
DA:162,0
DA:163,0
DA:166,0
DA:167,0
DA:168,0
DA:169,0
DA:172,0
DA:173,0
DA:175,0
DA:176,0
DA:181,0
DA:182,0
DA:183,0
DA:185,0
DA:186,0
DA:187,0
DA:190,0
DA:191,0
DA:192,0
DA:193,0
DA:196,0
DA:197,0
DA:199,0
DA:201,0
DA:202,0
DA:204,0
DA:207,0
DA:208,0
DA:213,0
DA:214,0
DA:215,0
DA:217,0
DA:218,0
DA:219,0
DA:222,0
DA:223,0
DA:224,0
DA:225,0
DA:228,0
DA:229,0
DA:230,0
DA:231,0
DA:234,0
DA:235,0
DA:237,0
DA:239,0
DA:240,0
DA:242,0
DA:245,0
DA:246,0
LF:141
LH:3
BRDA:14,0,0,0
BRDA:14,0,1,0
BRDA:16,1,0,0
BRDA:16,1,1,0
BRDA:22,2,0,0
BRDA:22,2,1,0
BRDA:31,3,0,0
BRDA:31,3,1,0
BRDA:38,4,0,0
BRDA:38,4,1,0
BRDA:40,5,0,0
BRDA:40,5,1,0
BRDA:40,6,0,0
BRDA:40,6,1,0
BRDA:48,7,0,0
BRDA:48,7,1,0
BRDA:48,8,0,0
BRDA:48,8,1,0
BRDA:57,9,0,0
BRDA:57,9,1,0
BRDA:65,10,0,0
BRDA:65,10,1,0
BRDA:65,11,0,0
BRDA:65,11,1,0
BRDA:65,11,2,0
BRDA:70,12,0,0
BRDA:70,12,1,0
BRDA:70,13,0,0
BRDA:70,13,1,0
BRDA:78,14,0,0
BRDA:78,14,1,0
BRDA:78,15,0,0
BRDA:78,15,1,0
BRDA:87,16,0,0
BRDA:87,16,1,0
BRDA:87,17,0,0
BRDA:87,17,1,0
BRDA:89,18,0,0
BRDA:89,18,1,0
BRDA:92,19,0,0
BRDA:92,19,1,0
BRDA:101,20,0,0
BRDA:101,20,1,0
BRDA:101,21,0,0
BRDA:101,21,1,0
BRDA:101,21,2,0
BRDA:101,21,3,0
BRDA:106,22,0,0
BRDA:106,22,1,0
BRDA:106,23,0,0
BRDA:106,23,1,0
BRDA:115,24,0,0
BRDA:115,24,1,0
BRDA:115,25,0,0
BRDA:115,25,1,0
BRDA:115,25,2,0
BRDA:124,26,0,0
BRDA:124,26,1,0
BRDA:124,27,0,0
BRDA:124,27,1,0
BRDA:126,28,0,0
BRDA:126,28,1,0
BRDA:129,29,0,0
BRDA:129,29,1,0
BRDA:138,30,0,0
BRDA:138,30,1,0
BRDA:144,31,0,0
BRDA:144,31,1,0
BRDA:153,32,0,0
BRDA:153,32,1,0
BRDA:161,33,0,0
BRDA:161,33,1,0
BRDA:167,34,0,0
BRDA:167,34,1,0
BRDA:176,35,0,0
BRDA:176,35,1,0
BRDA:185,36,0,0
BRDA:185,36,1,0
BRDA:191,37,0,0
BRDA:191,37,1,0
BRDA:196,38,0,0
BRDA:196,38,1,0
BRDA:197,39,0,0
BRDA:197,39,1,0
BRDA:201,40,0,0
BRDA:201,40,1,0
BRDA:208,41,0,0
BRDA:208,41,1,0
BRDA:217,42,0,0
BRDA:217,42,1,0
BRDA:217,43,0,0
BRDA:217,43,1,0
BRDA:223,44,0,0
BRDA:223,44,1,0
BRDA:229,45,0,0
BRDA:229,45,1,0
BRDA:234,46,0,0
BRDA:234,46,1,0
BRDA:235,47,0,0
BRDA:235,47,1,0
BRDA:239,48,0,0
BRDA:239,48,1,0
BRDA:246,49,0,0
BRDA:246,49,1,0
BRF:104
BRH:0
end_of_record
TN:
SF:src\controllers\petController.ts
FN:11,(anonymous_0)
FN:23,(anonymous_1)
FN:42,(anonymous_2)
FN:72,(anonymous_3)
FN:103,(anonymous_4)
FNF:5
FNH:4
FNDA:0,(anonymous_0)
FNDA:2,(anonymous_1)
FNDA:3,(anonymous_2)
FNDA:2,(anonymous_3)
FNDA:3,(anonymous_4)
DA:4,7
DA:7,7
DA:9,7
DA:12,0
DA:13,0
DA:15,0
DA:17,0
DA:18,0
DA:24,2
DA:25,2
DA:27,2
DA:28,1
DA:29,1
DA:32,1
DA:34,0
DA:36,1
DA:37,1
DA:43,3
DA:44,3
DA:46,3
DA:47,0
DA:48,0
DA:51,3
DA:53,3
DA:54,1
DA:55,1
DA:58,2
DA:60,2
DA:61,1
DA:63,1
DA:66,0
DA:67,0
DA:73,2
DA:74,2
DA:75,2
DA:77,2
DA:78,0
DA:79,0
DA:82,2
DA:84,2
DA:85,1
DA:86,1
DA:89,1
DA:91,1
DA:92,0
DA:94,1
DA:97,0
DA:98,0
DA:104,3
DA:105,3
DA:107,3
DA:108,0
DA:109,0
DA:112,3
DA:114,3
DA:115,1
DA:116,1
DA:119,2
DA:121,2
DA:122,1
DA:124,1
DA:127,0
DA:128,0
LF:63
LH:44
BRDA:27,0,0,1
BRDA:27,0,1,1
BRDA:27,1,0,2
BRDA:27,1,1,2
BRDA:27,1,2,1
BRDA:46,2,0,0
BRDA:46,2,1,3
BRDA:53,3,0,1
BRDA:53,3,1,2
BRDA:60,4,0,1
BRDA:60,4,1,1
BRDA:77,5,0,0
BRDA:77,5,1,2
BRDA:84,6,0,1
BRDA:84,6,1,1
BRDA:91,7,0,0
BRDA:91,7,1,1
BRDA:107,8,0,0
BRDA:107,8,1,3
BRDA:114,9,0,1
BRDA:114,9,1,2
BRDA:121,10,0,1
BRDA:121,10,1,1
BRF:23
BRH:19
end_of_record
TN:
SF:src\controllers\resgateController.ts
FN:10,(anonymous_0)
FNF:1
FNH:1
FNDA:4,(anonymous_0)
DA:4,7
DA:6,7
DA:8,7
DA:11,4
DA:13,4
DA:15,4
DA:16,2
DA:20,2
DA:22,2
DA:24,0
DA:25,0
LF:11
LH:9
BRDA:15,0,0,2
BRDA:15,0,1,2
BRDA:15,1,0,4
BRDA:15,1,1,3
BRF:4
BRH:4
end_of_record
TN:
SF:src\controllers\usuarioController.ts
FN:11,(anonymous_0)
FN:34,(anonymous_1)
FN:57,(anonymous_2)
FN:87,(anonymous_3)
FN:123,(anonymous_4)
FNF:5
FNH:2
FNDA:3,(anonymous_0)
FNDA:2,(anonymous_1)
FNDA:0,(anonymous_2)
FNDA:0,(anonymous_3)
FNDA:0,(anonymous_4)
DA:4,7
DA:7,7
DA:9,7
DA:12,3
DA:13,3
DA:14,3
DA:15,1
DA:16,1
DA:19,2
DA:21,2
DA:23,0
DA:25,0
DA:26,0
DA:28,0
DA:35,2
DA:36,2
DA:38,2
DA:39,0
DA:40,0
DA:43,2
DA:44,1
DA:46,1
DA:48,1
DA:49,1
DA:51,0
DA:58,0
DA:59,0
DA:61,0
DA:62,0
DA:63,0
DA:66,0
DA:68,0
DA:69,0
DA:70,0
DA:73,0
DA:75,0
DA:76,0
DA:78,0
DA:81,0
DA:82,0
DA:88,0
DA:89,0
DA:90,0
DA:92,0
DA:93,0
DA:94,0
DA:97,0
DA:99,0
DA:100,0
DA:101,0
DA:104,0
DA:106,0
DA:107,0
DA:109,0
DA:112,0
DA:114,0
DA:115,0
DA:117,0
DA:124,0
DA:125,0
DA:127,0
DA:128,0
DA:129,0
DA:132,0
DA:134,0
DA:135,0
DA:136,0
DA:139,0
DA:141,0
DA:142,0
DA:144,0
DA:147,0
DA:148,0
LF:73
LH:18
BRDA:14,0,0,1
BRDA:14,0,1,2
BRDA:14,1,0,3
BRDA:14,1,1,2
BRDA:14,1,2,2
BRDA:25,2,0,0
BRDA:25,2,1,0
BRDA:38,3,0,0
BRDA:38,3,1,2
BRDA:38,4,0,2
BRDA:38,4,1,2
BRDA:48,5,0,1
BRDA:48,5,1,0
BRDA:61,6,0,0
BRDA:61,6,1,0
BRDA:68,7,0,0
BRDA:68,7,1,0
BRDA:75,8,0,0
BRDA:75,8,1,0
BRDA:92,9,0,0
BRDA:92,9,1,0
BRDA:99,10,0,0
BRDA:99,10,1,0
BRDA:106,11,0,0
BRDA:106,11,1,0
BRDA:114,12,0,0
BRDA:114,12,1,0
BRDA:127,13,0,0
BRDA:127,13,1,0
BRDA:134,14,0,0
BRDA:134,14,1,0
BRDA:141,15,0,0
BRDA:141,15,1,0
BRF:33
BRH:9
end_of_record
TN:
SF:src\routes\adocaoRoutes.ts
FNF:0
FNH:0
DA:3,7
DA:4,7
DA:7,7
DA:10,7
DA:13,7
DA:16,7
DA:19,7
DA:21,7
LF:8
LH:8
BRF:0
BRH:0
end_of_record
TN:
SF:src\routes\doacaoRoutes.ts
FNF:0
FNH:0
DA:3,7
DA:4,7
DA:7,7
DA:10,7
DA:13,7
DA:16,7
DA:18,7
LF:7
LH:7
BRF:0
BRH:0
end_of_record
TN:
SF:src\routes\enderecoRoutes.ts
FN:13,(anonymous_0)
FN:16,(anonymous_1)
FN:19,(anonymous_2)
FN:22,(anonymous_3)
FN:25,(anonymous_4)
FNF:5
FNH:4
FNDA:0,(anonymous_0)
FNDA:2,(anonymous_1)
FNDA:2,(anonymous_2)
FNDA:2,(anonymous_3)
FNDA:3,(anonymous_4)
DA:3,7
DA:4,7
DA:7,7
DA:10,7
DA:13,7
DA:16,7
DA:19,7
DA:22,7
DA:25,7
DA:27,7
LF:10
LH:10
BRF:0
BRH:0
end_of_record
TN:
SF:src\routes\instituicaoRoutes.ts
FN:13,(anonymous_0)
FN:16,(anonymous_1)
FN:19,(anonymous_2)
FN:22,(anonymous_3)
FN:25,(anonymous_4)
FNF:5
FNH:5
FNDA:1,(anonymous_0)
FNDA:3,(anonymous_1)
FNDA:2,(anonymous_2)
FNDA:2,(anonymous_3)
FNDA:1,(anonymous_4)
DA:3,7
DA:4,7
DA:7,7
DA:10,7
DA:13,7
DA:16,7
DA:19,7
DA:22,7
DA:25,7
DA:27,7
LF:10
LH:10
BRF:0
BRH:0
end_of_record
TN:
SF:src\routes\matchRoutes.ts
FN:11,(anonymous_0)
FN:13,(anonymous_1)
FN:15,(anonymous_2)
FN:17,(anonymous_3)
FN:19,(anonymous_4)
FN:21,(anonymous_5)
FN:23,(anonymous_6)
FN:25,(anonymous_7)
FNF:8
FNH:0
FNDA:0,(anonymous_0)
FNDA:0,(anonymous_1)
FNDA:0,(anonymous_2)
FNDA:0,(anonymous_3)
FNDA:0,(anonymous_4)
FNDA:0,(anonymous_5)
FNDA:0,(anonymous_6)
FNDA:0,(anonymous_7)
DA:3,7
DA:4,7
DA:7,7
DA:9,7
DA:11,7
DA:13,7
DA:15,7
DA:17,7
DA:19,7
DA:21,7
DA:23,7
DA:25,7
DA:27,7
LF:13
LH:13
BRF:0
BRH:0
end_of_record
TN:
SF:src\routes\petRoutes.ts
FN:13,(anonymous_0)
FN:16,(anonymous_1)
FN:19,(anonymous_2)
FN:22,(anonymous_3)
FN:25,(anonymous_4)
FNF:5
FNH:4
FNDA:0,(anonymous_0)
FNDA:2,(anonymous_1)
FNDA:3,(anonymous_2)
FNDA:2,(anonymous_3)
FNDA:3,(anonymous_4)
DA:3,7
DA:4,7
DA:7,7
DA:10,7
DA:13,7
DA:16,7
DA:19,7
DA:22,7
DA:25,7
DA:27,7
LF:10
LH:10
BRF:0
BRH:0
end_of_record
TN:
SF:src\routes\resgateRoutes.ts
FNF:0
FNH:0
DA:3,7
DA:4,7
DA:7,7
DA:10,7
DA:13,7
DA:15,7
LF:6
LH:6
BRF:0
BRH:0
end_of_record
TN:
SF:src\routes\usuarioRoutes.ts
FN:13,(anonymous_0)
FN:16,(anonymous_1)
FN:19,(anonymous_2)
FN:22,(anonymous_3)
FN:25,(anonymous_4)
FNF:5
FNH:2
FNDA:3,(anonymous_0)
FNDA:2,(anonymous_1)
FNDA:0,(anonymous_2)
FNDA:0,(anonymous_3)
FNDA:0,(anonymous_4)
DA:3,7
DA:4,7
DA:7,7
DA:10,7
DA:13,7
DA:16,7
DA:19,7
DA:22,7
DA:25,7
DA:27,7
LF:10
LH:10
BRF:0
BRH:0
end_of_record
